#
# A fatal error has been detected by the Java Runtime Environment:
#
#  SIGSEGV (0xb) at pc=0x00007f6b671a66c0, pid=23462, tid=0x00007f6bc4c14700
#
# JRE version: Java(TM) SE Runtime Environment (8.0_121-b13) (build 1.8.0_121-b13)
# Java VM: Java HotSpot(TM) 64-Bit Server VM (25.121-b13 mixed mode linux-amd64 compressed oops)
# Problematic frame:
# C  [libnvidia-glcore.so.367.57+0x10e36c0]
#
# Failed to write core dump. Core dumps have been disabled. To enable core dumping, try "ulimit -c unlimited" before starting Java again
#
# If you would like to submit a bug report, please visit:
#   http://bugreport.java.com/bugreport/crash.jsp
# The crash happened outside the Java Virtual Machine in native code.
# See problematic frame for where to report the bug.
#

---------------  T H R E A D  ---------------

Current thread (0x00007f6bbc009800):  JavaThread "main" [_thread_in_native, id=23467, stack(0x00007f6bc4b14000,0x00007f6bc4c15000)]

siginfo: si_signo: 11 (SIGSEGV), si_code: 1 (SEGV_MAPERR), si_addr: 0x0000000000000000

Registers:
RAX=0x00007f6bbc77b2f8, RBX=0x00007f6bbc77af98, RCX=0x0000000000000018, RDX=0x0000000000000010
RSP=0x00007f6bc4c131e8, RBP=0x00007f6bbc5615e0, RSI=0x0000000000000000, RDI=0x00007f6b65b4390c
R8 =0x00007f6b65b4390c, R9 =0x0000000000000018, R10=0x0000000000000000, R11=0x0000000000000000
R12=0x00007f6bbc77b5a0, R13=0x00007f6bbc35c590, R14=0x00007f6bbc35c580, R15=0x00007f6ba40a5b18
RIP=0x00007f6b671a66c0, EFLAGS=0x0000000000010246, CSGSFS=0x002b000000000033, ERR=0x0000000000000004
  TRAPNO=0x000000000000000e

Top of Stack: (sp=0x00007f6bc4c131e8)
0x00007f6bc4c131e8:   00007f6b6726aed3 00007f6bbc77b2c8
0x00007f6bc4c131f8:   0000000000000002 0000000000000003
0x00007f6bc4c13208:   000000000077b2c8 0000000000000018
0x00007f6bc4c13218:   000000004093c000 00007f6b65b4390c
0x00007f6bc4c13228:   00007f6b671a66b0 0000000006aa4a8c
0x00007f6bc4c13238:   00007f6bbc77af98 0000000000000000
0x00007f6bc4c13248:   00007f6b66d40f8e 00007f6bbc786620
0x00007f6bc4c13258:   00000007670c6904 0000000000000002
0x00007f6bc4c13268:   00007f6bbc77b2f8 00007f6bbc5fdea8
0x00007f6bc4c13278:   0000000000000002 0000000000004083
0x00007f6bc4c13288:   10c0000000000000 0000000000004083
0x00007f6bc4c13298:   10c0000000000000 00007f6bc3f7b510
0x00007f6bc4c132a8:   00007f6bbc35c590 000000004093c000
0x00007f6bc4c132b8:   00007f6bbc77b5a0 00007f6bbc35c590
0x00007f6bc4c132c8:   00007f6bbc35c580 000000004098cf88
0x00007f6bc4c132d8:   00007f6b6726f624 00007f6bc4c133ac
0x00007f6bc4c132e8:   00007f6bc4c133a8 00001405bc007080
0x00007f6bc4c132f8:   ffffffff00000024 0000000400000000
0x00007f6bc4c13308:   000000004093c1f8 00007f6bbc5615e0
0x00007f6bc4c13318:   00007f6bc4c13190 00007f6b00000001
0x00007f6bc4c13328:   00007f6bc4c14700 00007f6bc08b0110
0x00007f6bc4c13338:   00007f6bbc009800 0000000000004083
0x00007f6bc4c13348:   00c0000000000000 00007f6bc08b0110
0x00007f6bc4c13358:   00007f6bbc77b5a0 000000004093c000
0x00007f6bc4c13368:   00007f6bbc77af98 0000000000000004
0x00007f6bc4c13378:   00007f6b67270533 00007f6b00000001
0x00007f6bc4c13388:   00007f6bc4c14700 00007f6bc08b0110
0x00007f6bc4c13398:   00007f6bbc009800 00007f6b40980d01
0x00007f6bc4c133a8:   0000000000000018 00007f6bc08b0110
0x00007f6bc4c133b8:   000000004093c000 0000000040980df0
0x00007f6bc4c133c8:   0000000000001405 0000000000000004
0x00007f6bc4c133d8:   0000000000000000 00007f6bbc009800 

Instructions: (pc=0x00007f6b671a66c0)
0x00007f6b671a66a0:   d0 48 8d 44 07 0c c3 90 90 90 90 90 90 90 90 90
0x00007f6b671a66b0:   48 63 d2 49 89 f8 41 89 c9 0f 1f 80 00 00 00 00
0x00007f6b671a66c0:   8b 06 41 89 00 8b 46 04 41 89 40 04 8b 46 08 41
0x00007f6b671a66d0:   89 40 08 8b 46 0c 48 01 d6 41 89 40 0c 49 83 c0 

Register to memory mapping:

RAX=0x00007f6bbc77b2f8 is an unknown value
RBX=0x00007f6bbc77af98 is an unknown value
RCX=0x0000000000000018 is an unknown value
RDX=0x0000000000000010 is an unknown value
RSP=0x00007f6bc4c131e8 is pointing into the stack for thread: 0x00007f6bbc009800
RBP=0x00007f6bbc5615e0 is an unknown value
RSI=0x0000000000000000 is an unknown value
RDI=0x00007f6b65b4390c is an unknown value
R8 =0x00007f6b65b4390c is an unknown value
R9 =0x0000000000000018 is an unknown value
R10=0x0000000000000000 is an unknown value
R11=0x0000000000000000 is an unknown value
R12=0x00007f6bbc77b5a0 is an unknown value
R13=0x00007f6bbc35c590 is an unknown value
R14=0x00007f6bbc35c580 is an unknown value
R15=0x00007f6ba40a5b18 is an unknown value


Stack: [0x00007f6bc4b14000,0x00007f6bc4c15000],  sp=0x00007f6bc4c131e8,  free space=1020k
Native frames: (J=compiled Java code, j=interpreted, Vv=VM code, C=native code)
C  [libnvidia-glcore.so.367.57+0x10e36c0]

Java frames: (J=compiled Java code, j=interpreted, Vv=VM code)
j  org.lwjgl.opengl.GL11.nglDrawElementsBO(IIIJJ)V+0
j  org.lwjgl.opengl.GL11.glDrawElements(IIIJ)V+28
j  game.gfx.Model.render()V+73
j  game.component.ModelRenderComponent.shaderRender(Lgame/gfx/shader/Shader;)V+22
j  game.component.ModelBlockRenderComponent.render(Lgame/gfx/shader/BlockShader$BlockShaderRenderMessage;)V+4
j  game.component.ModelBlockRenderComponent$$Lambda$18.run(Ljava/lang/Object;)V+8
j  game.Listener.lambda$0(Lutil/Lambda$ActionUnary;Ljava/lang/Class;Ljava/lang/Object;)V+6
j  game.Listener$$Lambda$13.run(Ljava/lang/Object;)V+9
j  game.Listener.listen(Ljava/lang/Object;)V+97
j  game.Listener.listen(Ljava/lang/Object;)V+30
j  game.Game.run()V+114
j  game.Game.main([Ljava/lang/String;)V+9
v  ~StubRoutines::call_stub

---------------  P R O C E S S  ---------------

Java Threads: ( => current thread )
  0x00007f6bbc245000 JavaThread "process reaper" daemon [_thread_blocked, id=23484, stack(0x00007f6ba40c6000,0x00007f6ba40ff000)]
  0x00007f6bbc23b000 JavaThread "AWT-XAWT" daemon [_thread_in_native, id=23482, stack(0x00007f6b9d3bb000,0x00007f6b9d4bc000)]
  0x00007f6bbc219000 JavaThread "Java2D Disposer" daemon [_thread_blocked, id=23481, stack(0x00007f6b9d8cc000,0x00007f6b9d9cd000)]
  0x00007f6bbc0c8800 JavaThread "Service Thread" daemon [_thread_blocked, id=23479, stack(0x00007f6b9f620000,0x00007f6b9f721000)]
  0x00007f6bbc0bd800 JavaThread "C1 CompilerThread2" daemon [_thread_blocked, id=23478, stack(0x00007f6b9f721000,0x00007f6b9f822000)]
  0x00007f6bbc0bb800 JavaThread "C2 CompilerThread1" daemon [_thread_in_native, id=23477, stack(0x00007f6b9f822000,0x00007f6b9f923000)]
  0x00007f6bbc0b8800 JavaThread "C2 CompilerThread0" daemon [_thread_blocked, id=23476, stack(0x00007f6b9f923000,0x00007f6b9fa24000)]
  0x00007f6bbc0b7000 JavaThread "Signal Dispatcher" daemon [_thread_blocked, id=23475, stack(0x00007f6b9fa24000,0x00007f6b9fb25000)]
  0x00007f6bbc084000 JavaThread "Finalizer" daemon [_thread_blocked, id=23474, stack(0x00007f6b9fdfe000,0x00007f6b9feff000)]
  0x00007f6bbc07f000 JavaThread "Reference Handler" daemon [_thread_blocked, id=23473, stack(0x00007f6b9feff000,0x00007f6ba0000000)]
=>0x00007f6bbc009800 JavaThread "main" [_thread_in_native, id=23467, stack(0x00007f6bc4b14000,0x00007f6bc4c15000)]

Other Threads:
  0x00007f6bbc077800 VMThread [stack: 0x00007f6ba40ff000,0x00007f6ba4200000] [id=23472]
  0x00007f6bbc0cb800 WatcherThread [stack: 0x00007f6b9f51f000,0x00007f6b9f620000] [id=23480]

VM state:not at safepoint (normal execution)

VM Mutex/Monitor currently owned by a thread: None

Heap:
 PSYoungGen      total 36864K, used 14210K [0x00000000d6b00000, 0x00000000d9400000, 0x0000000100000000)
  eden space 31744K, 44% used [0x00000000d6b00000,0x00000000d78e0bd0,0x00000000d8a00000)
  from space 5120K, 0% used [0x00000000d8f00000,0x00000000d8f00000,0x00000000d9400000)
  to   space 5120K, 0% used [0x00000000d8a00000,0x00000000d8a00000,0x00000000d8f00000)
 ParOldGen       total 84992K, used 0K [0x0000000084000000, 0x0000000089300000, 0x00000000d6b00000)
  object space 84992K, 0% used [0x0000000084000000,0x0000000084000000,0x0000000089300000)
 Metaspace       used 8343K, capacity 8575K, committed 8704K, reserved 1056768K
  class space    used 843K, capacity 916K, committed 1024K, reserved 1048576K

Card table byte_map: [0x00007f6bc14d4000,0x00007f6bc18b5000] byte_map_base: 0x00007f6bc10b4000

Marking Bits: (ParMarkBitMap*) 0x00007f6bc3fdfc80
 Begin Bits: [0x00007f6ba4200000, 0x00007f6ba6100000)
 End Bits:   [0x00007f6ba6100000, 0x00007f6ba8000000)

Polling page: 0x00007f6bc4c2c000

CodeCache: size=245760Kb used=2449Kb max_used=2460Kb free=243310Kb
 bounds [0x00007f6bad000000, 0x00007f6bad270000, 0x00007f6bbc000000]
 total_blobs=1086 nmethods=556 adapters=444
 compilation: enabled

Compilation events (10 events):
Event: 0.681 Thread 0x00007f6bbc0bd800 nmethod 557 0x00007f6bad262290 code [0x00007f6bad2623e0, 0x00007f6bad2624f0]
Event: 0.681 Thread 0x00007f6bbc0bd800  552   !   3       java.util.zip.ZipFile$ZipFileInputStream::close (110 bytes)
Event: 0.682 Thread 0x00007f6bbc0bd800 nmethod 552 0x00007f6bad262550 code [0x00007f6bad262700, 0x00007f6bad262f18]
Event: 0.682 Thread 0x00007f6bbc0bd800  554       3       java.lang.String::concat (47 bytes)
Event: 0.682 Thread 0x00007f6bbc0bd800 nmethod 554 0x00007f6bad263290 code [0x00007f6bad263460, 0x00007f6bad263bf8]
Event: 0.682 Thread 0x00007f6bbc0bd800  555       3       java.lang.String::getChars (16 bytes)
Event: 0.682 Thread 0x00007f6bbc0bd800 nmethod 555 0x00007f6bad263f90 code [0x00007f6bad264100, 0x00007f6bad264308]
Event: 0.682 Thread 0x00007f6bbc0bd800  556       1       sun.misc.URLClassPath$JarLoader::access$600 (5 bytes)
Event: 0.682 Thread 0x00007f6bbc0bd800 nmethod 556 0x00007f6bad2643d0 code [0x00007f6bad264520, 0x00007f6bad264610]
Event: 0.685 Thread 0x00007f6bbc0b8800 nmethod 547 0x00007f6bad267ad0 code [0x00007f6bad267c40, 0x00007f6bad267dc8]

GC Heap History (0 events):
No events

Deoptimization events (1 events):
Event: 0.614 Thread 0x00007f6bbc009800 Uncommon trap: reason=unstable_if action=reinterpret pc=0x00007f6bad1b3fd4 method=java.lang.String.replace(CC)Ljava/lang/String; @ 26

Internal exceptions (10 events):
Event: 0.019 Thread 0x00007f6bbc009800 Exception <a 'java/lang/NoSuchMethodError': Method sun.misc.Unsafe.prefetchRead(Ljava/lang/Object;J)V name or signature does not match> (0x00000000d6b07f90) thrown at [/HUDSON3/workspace/8-2-build-linux-amd64/jdk8u121/8372/hotspot/src/share/vm/prims/jni.c
Event: 0.078 Thread 0x00007f6bbc009800 Exception <a 'java/security/PrivilegedActionException'> (0x00000000d6cbb770) thrown at [/HUDSON3/workspace/8-2-build-linux-amd64/jdk8u121/8372/hotspot/src/share/vm/prims/jvm.cpp, line 1390]
Event: 0.078 Thread 0x00007f6bbc009800 Exception <a 'java/security/PrivilegedActionException'> (0x00000000d6cbb980) thrown at [/HUDSON3/workspace/8-2-build-linux-amd64/jdk8u121/8372/hotspot/src/share/vm/prims/jvm.cpp, line 1390]
Event: 0.078 Thread 0x00007f6bbc009800 Exception <a 'java/security/PrivilegedActionException'> (0x00000000d6cbdfd0) thrown at [/HUDSON3/workspace/8-2-build-linux-amd64/jdk8u121/8372/hotspot/src/share/vm/prims/jvm.cpp, line 1390]
Event: 0.078 Thread 0x00007f6bbc009800 Exception <a 'java/security/PrivilegedActionException'> (0x00000000d6cbe1e0) thrown at [/HUDSON3/workspace/8-2-build-linux-amd64/jdk8u121/8372/hotspot/src/share/vm/prims/jvm.cpp, line 1390]
Event: 0.110 Thread 0x00007f6bbc009800 Exception <a 'java/lang/NoSuchFieldError': method resolution failed> (0x00000000d6d8eee0) thrown at [/HUDSON3/workspace/8-2-build-linux-amd64/jdk8u121/8372/hotspot/src/share/vm/prims/methodHandles.cpp, line 1146]
Event: 0.111 Thread 0x00007f6bbc009800 Exception <a 'java/lang/NoSuchFieldError': method resolution failed> (0x00000000d6d9c630) thrown at [/HUDSON3/workspace/8-2-build-linux-amd64/jdk8u121/8372/hotspot/src/share/vm/prims/methodHandles.cpp, line 1146]
Event: 0.125 Thread 0x00007f6bbc009800 Exception <a 'java/io/FileNotFoundException'> (0x00000000d6e1a270) thrown at [/HUDSON3/workspace/8-2-build-linux-amd64/jdk8u121/8372/hotspot/src/share/vm/prims/jni.cpp, line 709]
Event: 0.125 Thread 0x00007f6bbc009800 Exception <a 'java/io/FileNotFoundException'> (0x00000000d6e1acc0) thrown at [/HUDSON3/workspace/8-2-build-linux-amd64/jdk8u121/8372/hotspot/src/share/vm/prims/jni.cpp, line 709]
Event: 0.222 Thread 0x00007f6bbc009800 Exception <a 'java/lang/NoClassDefFoundError': org/lwjgl/opengles/GLContext> (0x00000000d6f8b9c0) thrown at [/HUDSON3/workspace/8-2-build-linux-amd64/jdk8u121/8372/hotspot/src/share/vm/classfile/systemDictionary.cpp, line 199]

Events (10 events):
Event: 0.681 loading class org/lwjgl/util/vector/ReadableVector
Event: 0.681 loading class org/lwjgl/util/vector/ReadableVector done
Event: 0.681 loading class org/lwjgl/util/vector/WritableVector3f
Event: 0.681 loading class org/lwjgl/util/vector/WritableVector3f done
Event: 0.681 loading class org/lwjgl/util/vector/WritableVector2f
Event: 0.681 loading class org/lwjgl/util/vector/WritableVector2f done
Event: 0.681 loading class org/lwjgl/util/vector/Vector
Event: 0.681 loading class org/lwjgl/util/vector/Vector done
Event: 0.682 loading class org/lwjgl/opengl/GL13
Event: 0.682 loading class org/lwjgl/opengl/GL13 done


Dynamic libraries:
00400000-00401000 r-xp 00000000 08:04 8918164                            /usr/lib/jvm/java-8-oracle/bin/java
00600000-00601000 rw-p 00000000 08:04 8918164                            /usr/lib/jvm/java-8-oracle/bin/java
02108000-02129000 rw-p 00000000 00:00 0                                  [heap]
4093c000-409dc000 rw-p 00000000 00:00 0 
40e9a000-40e9c000 r-xs 00000000 08:04 15990968                           /tmp/.glxf92bS (deleted)
84000000-89300000 rw-p 00000000 00:00 0 
89300000-d6b00000 ---p 00000000 00:00 0 
d6b00000-d9400000 rw-p 00000000 00:00 0 
d9400000-100000000 ---p 00000000 00:00 0 
100000000-100100000 rw-p 00000000 00:00 0 
100100000-140000000 ---p 00000000 00:00 0 
7f6b60000000-7f6b60021000 rw-p 00000000 00:00 0 
7f6b60021000-7f6b64000000 ---p 00000000 00:00 0 
7f6b65b3f000-7f6b65d3f000 rw-s 72e3f000 00:06 506                        /dev/nvidiactl
7f6b65d3f000-7f6b65dbf000 rw-s 72f8d000 00:06 506                        /dev/nvidiactl
7f6b65dbf000-7f6b65e3f000 rw-s 72f0c000 00:06 506                        /dev/nvidiactl
7f6b65e3f000-7f6b65ebf000 rw-s be336000 00:06 506                        /dev/nvidiactl
7f6b65ebf000-7f6b65fbf000 rw-s ca8d1000 00:06 506                        /dev/nvidiactl
7f6b65fbf000-7f6b660c3000 rw-s 20b475000 00:06 506                       /dev/nvidiactl
7f6b660c3000-7f6b6745c000 r-xp 00000000 08:04 8657823                    /usr/lib/nvidia-367/libnvidia-glcore.so.367.57
7f6b6745c000-7f6b6747c000 rwxp 01399000 08:04 8657823                    /usr/lib/nvidia-367/libnvidia-glcore.so.367.57
7f6b6747c000-7f6b6781d000 r-xp 013b9000 08:04 8657823                    /usr/lib/nvidia-367/libnvidia-glcore.so.367.57
7f6b6781d000-7f6b67a1c000 ---p 0175a000 08:04 8657823                    /usr/lib/nvidia-367/libnvidia-glcore.so.367.57
7f6b67a1c000-7f6b67de4000 rw-p 01759000 08:04 8657823                    /usr/lib/nvidia-367/libnvidia-glcore.so.367.57
7f6b67de4000-7f6b67dfc000 rw-p 00000000 00:00 0 
7f6b67dfc000-7f6b67dff000 r-xp 00000000 08:04 8657831                    /usr/lib/nvidia-367/tls/libnvidia-tls.so.367.57
7f6b67dff000-7f6b67fff000 ---p 00003000 08:04 8657831                    /usr/lib/nvidia-367/tls/libnvidia-tls.so.367.57
7f6b67fff000-7f6b68000000 rw-p 00003000 08:04 8657831                    /usr/lib/nvidia-367/tls/libnvidia-tls.so.367.57
7f6b68000000-7f6b68021000 rw-p 00000000 00:00 0 
7f6b68021000-7f6b6c000000 ---p 00000000 00:00 0 
7f6b6c000000-7f6b6c021000 rw-p 00000000 00:00 0 
7f6b6c021000-7f6b70000000 ---p 00000000 00:00 0 
7f6b70000000-7f6b70021000 rw-p 00000000 00:00 0 
7f6b70021000-7f6b74000000 ---p 00000000 00:00 0 
7f6b74000000-7f6b74021000 rw-p 00000000 00:00 0 
7f6b74021000-7f6b78000000 ---p 00000000 00:00 0 
7f6b78000000-7f6b780c9000 rw-p 00000000 00:00 0 
7f6b780c9000-7f6b7c000000 ---p 00000000 00:00 0 
7f6b7c000000-7f6b7c281000 rw-p 00000000 00:00 0 
7f6b7c281000-7f6b80000000 ---p 00000000 00:00 0 
7f6b80000000-7f6b80021000 rw-p 00000000 00:00 0 
7f6b80021000-7f6b84000000 ---p 00000000 00:00 0 
7f6b84000000-7f6b840ef000 rw-p 00000000 00:00 0 
7f6b840ef000-7f6b88000000 ---p 00000000 00:00 0 
7f6b88000000-7f6b88021000 rw-p 00000000 00:00 0 
7f6b88021000-7f6b8c000000 ---p 00000000 00:00 0 
7f6b8c000000-7f6b8c021000 rw-p 00000000 00:00 0 
7f6b8c021000-7f6b90000000 ---p 00000000 00:00 0 
7f6b90000000-7f6b90021000 rw-p 00000000 00:00 0 
7f6b90021000-7f6b94000000 ---p 00000000 00:00 0 
7f6b94000000-7f6b94021000 rw-p 00000000 00:00 0 
7f6b94021000-7f6b98000000 ---p 00000000 00:00 0 
7f6b98000000-7f6b98021000 rw-p 00000000 00:00 0 
7f6b98021000-7f6b9c000000 ---p 00000000 00:00 0 
7f6b9c04f000-7f6b9c117000 r-xp 00000000 08:04 8657808                    /usr/lib/nvidia-367/libGLX_nvidia.so.367.57
7f6b9c117000-7f6b9c14b000 rwxp 000c8000 08:04 8657808                    /usr/lib/nvidia-367/libGLX_nvidia.so.367.57
7f6b9c14b000-7f6b9c15e000 r-xp 000fc000 08:04 8657808                    /usr/lib/nvidia-367/libGLX_nvidia.so.367.57
7f6b9c15e000-7f6b9c35e000 ---p 0010f000 08:04 8657808                    /usr/lib/nvidia-367/libGLX_nvidia.so.367.57
7f6b9c35e000-7f6b9c386000 rw-p 0010f000 08:04 8657808                    /usr/lib/nvidia-367/libGLX_nvidia.so.367.57
7f6b9c386000-7f6b9c38d000 rw-p 00000000 00:00 0 
7f6b9c38d000-7f6b9c3db000 r-xp 00000000 08:04 8657809                    /usr/lib/nvidia-367/libGLdispatch.so.0
7f6b9c3db000-7f6b9c40d000 r-xp 0004e000 08:04 8657809                    /usr/lib/nvidia-367/libGLdispatch.so.0
7f6b9c40d000-7f6b9c447000 r-xp 00080000 08:04 8657809                    /usr/lib/nvidia-367/libGLdispatch.so.0
7f6b9c447000-7f6b9c647000 ---p 000ba000 08:04 8657809                    /usr/lib/nvidia-367/libGLdispatch.so.0
7f6b9c647000-7f6b9c656000 rw-p 000ba000 08:04 8657809                    /usr/lib/nvidia-367/libGLdispatch.so.0
7f6b9c656000-7f6b9c676000 rw-p 00000000 00:00 0 
7f6b9c676000-7f6b9c686000 r-xp 00000000 08:04 8657807                    /usr/lib/nvidia-367/libGLX.so.0
7f6b9c686000-7f6b9c886000 ---p 00010000 08:04 8657807                    /usr/lib/nvidia-367/libGLX.so.0
7f6b9c886000-7f6b9c887000 rw-p 00010000 08:04 8657807                    /usr/lib/nvidia-367/libGLX.so.0
7f6b9c887000-7f6b9c8a7000 rw-p 00000000 00:00 0 
7f6b9c8a7000-7f6b9c8d8000 r-xp 00000000 08:04 8657800                    /usr/lib/nvidia-367/libGL.so.1.0.0
7f6b9c8d8000-7f6b9c90a000 r-xp 00031000 08:04 8657800                    /usr/lib/nvidia-367/libGL.so.1.0.0
7f6b9c90a000-7f6b9c934000 r-xp 00063000 08:04 8657800                    /usr/lib/nvidia-367/libGL.so.1.0.0
7f6b9c934000-7f6b9cb34000 ---p 0008d000 08:04 8657800                    /usr/lib/nvidia-367/libGL.so.1.0.0
7f6b9cb34000-7f6b9cb35000 rw-p 0008d000 08:04 8657800                    /usr/lib/nvidia-367/libGL.so.1.0.0
7f6b9cb35000-7f6b9cb36000 rw-p 00000000 00:00 0 
7f6b9cb36000-7f6b9cb3b000 r-xp 00000000 08:04 8655162                    /usr/lib/x86_64-linux-gnu/libXxf86vm.so.1.0.0
7f6b9cb3b000-7f6b9cd3a000 ---p 00005000 08:04 8655162                    /usr/lib/x86_64-linux-gnu/libXxf86vm.so.1.0.0
7f6b9cd3a000-7f6b9cd3b000 r--p 00004000 08:04 8655162                    /usr/lib/x86_64-linux-gnu/libXxf86vm.so.1.0.0
7f6b9cd3b000-7f6b9cd3c000 rw-p 00005000 08:04 8655162                    /usr/lib/x86_64-linux-gnu/libXxf86vm.so.1.0.0
7f6b9cd3c000-7f6b9cd46000 r-xp 00000000 08:04 8655144                    /usr/lib/x86_64-linux-gnu/libXrandr.so.2.2.0
7f6b9cd46000-7f6b9cf45000 ---p 0000a000 08:04 8655144                    /usr/lib/x86_64-linux-gnu/libXrandr.so.2.2.0
7f6b9cf45000-7f6b9cf46000 r--p 00009000 08:04 8655144                    /usr/lib/x86_64-linux-gnu/libXrandr.so.2.2.0
7f6b9cf46000-7f6b9cf47000 rw-p 0000a000 08:04 8655144                    /usr/lib/x86_64-linux-gnu/libXrandr.so.2.2.0
7f6b9cf47000-7f6b9cfb7000 r-xp 00000000 08:04 13901406                   /usr/lib/liblwjgl64.so
7f6b9cfb7000-7f6b9d1b7000 ---p 00070000 08:04 13901406                   /usr/lib/liblwjgl64.so
7f6b9d1b7000-7f6b9d1b9000 r--p 00070000 08:04 13901406                   /usr/lib/liblwjgl64.so
7f6b9d1b9000-7f6b9d1ba000 rw-p 00072000 08:04 13901406                   /usr/lib/liblwjgl64.so
7f6b9d1ba000-7f6b9d1bb000 r-xp 00000000 08:04 8918249                    /usr/lib/jvm/java-8-oracle/jre/lib/amd64/libjawt.so
7f6b9d1bb000-7f6b9d3ba000 ---p 00001000 08:04 8918249                    /usr/lib/jvm/java-8-oracle/jre/lib/amd64/libjawt.so
7f6b9d3ba000-7f6b9d3bb000 rw-p 00000000 08:04 8918249                    /usr/lib/jvm/java-8-oracle/jre/lib/amd64/libjawt.so
7f6b9d3bb000-7f6b9d3be000 ---p 00000000 00:00 0 
7f6b9d3be000-7f6b9d4bc000 rw-p 00000000 00:00 0 
7f6b9d4bc000-7f6b9d4c1000 r-xp 00000000 08:04 8655128                    /usr/lib/x86_64-linux-gnu/libXfixes.so.3.1.0
7f6b9d4c1000-7f6b9d6c0000 ---p 00005000 08:04 8655128                    /usr/lib/x86_64-linux-gnu/libXfixes.so.3.1.0
7f6b9d6c0000-7f6b9d6c1000 r--p 00004000 08:04 8655128                    /usr/lib/x86_64-linux-gnu/libXfixes.so.3.1.0
7f6b9d6c1000-7f6b9d6c2000 rw-p 00005000 08:04 8655128                    /usr/lib/x86_64-linux-gnu/libXfixes.so.3.1.0
7f6b9d6c2000-7f6b9d6cb000 r-xp 00000000 08:04 8655120                    /usr/lib/x86_64-linux-gnu/libXcursor.so.1.0.2
7f6b9d6cb000-7f6b9d8ca000 ---p 00009000 08:04 8655120                    /usr/lib/x86_64-linux-gnu/libXcursor.so.1.0.2
7f6b9d8ca000-7f6b9d8cb000 r--p 00008000 08:04 8655120                    /usr/lib/x86_64-linux-gnu/libXcursor.so.1.0.2
7f6b9d8cb000-7f6b9d8cc000 rw-p 00009000 08:04 8655120                    /usr/lib/x86_64-linux-gnu/libXcursor.so.1.0.2
7f6b9d8cc000-7f6b9d8cf000 ---p 00000000 00:00 0 
7f6b9d8cf000-7f6b9d9cd000 rw-p 00000000 00:00 0 
7f6b9d9cd000-7f6b9d9e3000 r-xp 00000000 08:04 11801004                   /lib/x86_64-linux-gnu/libgcc_s.so.1
7f6b9d9e3000-7f6b9dbe2000 ---p 00016000 08:04 11801004                   /lib/x86_64-linux-gnu/libgcc_s.so.1
7f6b9dbe2000-7f6b9dbe3000 r--p 00015000 08:04 11801004                   /lib/x86_64-linux-gnu/libgcc_s.so.1
7f6b9dbe3000-7f6b9dbe4000 rw-p 00016000 08:04 11801004                   /lib/x86_64-linux-gnu/libgcc_s.so.1
7f6b9dbe4000-7f6b9dc49000 r-xp 00000000 08:04 8918222                    /usr/lib/jvm/java-8-oracle/jre/lib/amd64/libfontmanager.so
7f6b9dc49000-7f6b9de48000 ---p 00065000 08:04 8918222                    /usr/lib/jvm/java-8-oracle/jre/lib/amd64/libfontmanager.so
7f6b9de48000-7f6b9de4d000 rw-p 00064000 08:04 8918222                    /usr/lib/jvm/java-8-oracle/jre/lib/amd64/libfontmanager.so
7f6b9de4d000-7f6b9de5d000 rw-p 00000000 00:00 0 
7f6b9de5d000-7f6b9de62000 r-xp 00000000 08:04 8655124                    /usr/lib/x86_64-linux-gnu/libXdmcp.so.6.0.0
7f6b9de62000-7f6b9e061000 ---p 00005000 08:04 8655124                    /usr/lib/x86_64-linux-gnu/libXdmcp.so.6.0.0
7f6b9e061000-7f6b9e062000 r--p 00004000 08:04 8655124                    /usr/lib/x86_64-linux-gnu/libXdmcp.so.6.0.0
7f6b9e062000-7f6b9e063000 rw-p 00005000 08:04 8655124                    /usr/lib/x86_64-linux-gnu/libXdmcp.so.6.0.0
7f6b9e063000-7f6b9e065000 r-xp 00000000 08:04 8655113                    /usr/lib/x86_64-linux-gnu/libXau.so.6.0.0
7f6b9e065000-7f6b9e265000 ---p 00002000 08:04 8655113                    /usr/lib/x86_64-linux-gnu/libXau.so.6.0.0
7f6b9e265000-7f6b9e266000 r--p 00002000 08:04 8655113                    /usr/lib/x86_64-linux-gnu/libXau.so.6.0.0
7f6b9e266000-7f6b9e267000 rw-p 00003000 08:04 8655113                    /usr/lib/x86_64-linux-gnu/libXau.so.6.0.0
7f6b9e267000-7f6b9e288000 r-xp 00000000 08:04 8656291                    /usr/lib/x86_64-linux-gnu/libxcb.so.1.1.0
7f6b9e288000-7f6b9e487000 ---p 00021000 08:04 8656291                    /usr/lib/x86_64-linux-gnu/libxcb.so.1.1.0
7f6b9e487000-7f6b9e488000 r--p 00020000 08:04 8656291                    /usr/lib/x86_64-linux-gnu/libxcb.so.1.1.0
7f6b9e488000-7f6b9e489000 rw-p 00021000 08:04 8656291                    /usr/lib/x86_64-linux-gnu/libxcb.so.1.1.0
7f6b9e489000-7f6b9e498000 r-xp 00000000 08:04 8655134                    /usr/lib/x86_64-linux-gnu/libXi.so.6.1.0
7f6b9e498000-7f6b9e697000 ---p 0000f000 08:04 8655134                    /usr/lib/x86_64-linux-gnu/libXi.so.6.1.0
7f6b9e697000-7f6b9e698000 r--p 0000e000 08:04 8655134                    /usr/lib/x86_64-linux-gnu/libXi.so.6.1.0
7f6b9e698000-7f6b9e699000 rw-p 0000f000 08:04 8655134                    /usr/lib/x86_64-linux-gnu/libXi.so.6.1.0
7f6b9e699000-7f6b9e69e000 r-xp 00000000 08:04 8655152                    /usr/lib/x86_64-linux-gnu/libXtst.so.6.1.0
7f6b9e69e000-7f6b9e89d000 ---p 00005000 08:04 8655152                    /usr/lib/x86_64-linux-gnu/libXtst.so.6.1.0
7f6b9e89d000-7f6b9e89e000 r--p 00004000 08:04 8655152                    /usr/lib/x86_64-linux-gnu/libXtst.so.6.1.0
7f6b9e89e000-7f6b9e89f000 rw-p 00005000 08:04 8655152                    /usr/lib/x86_64-linux-gnu/libXtst.so.6.1.0
7f6b9e89f000-7f6b9e8a8000 r-xp 00000000 08:04 8655146                    /usr/lib/x86_64-linux-gnu/libXrender.so.1.3.0
7f6b9e8a8000-7f6b9eaa7000 ---p 00009000 08:04 8655146                    /usr/lib/x86_64-linux-gnu/libXrender.so.1.3.0
7f6b9eaa7000-7f6b9eaa8000 r--p 00008000 08:04 8655146                    /usr/lib/x86_64-linux-gnu/libXrender.so.1.3.0
7f6b9eaa8000-7f6b9eaa9000 rw-p 00009000 08:04 8655146                    /usr/lib/x86_64-linux-gnu/libXrender.so.1.3.0
7f6b9eaa9000-7f6b9ebde000 r-xp 00000000 08:04 8655109                    /usr/lib/x86_64-linux-gnu/libX11.so.6.3.0
7f6b9ebde000-7f6b9eddd000 ---p 00135000 08:04 8655109                    /usr/lib/x86_64-linux-gnu/libX11.so.6.3.0
7f6b9eddd000-7f6b9edde000 r--p 00134000 08:04 8655109                    /usr/lib/x86_64-linux-gnu/libX11.so.6.3.0
7f6b9edde000-7f6b9ede2000 rw-p 00135000 08:04 8655109                    /usr/lib/x86_64-linux-gnu/libX11.so.6.3.0
7f6b9ede2000-7f6b9edf3000 r-xp 00000000 08:04 8655126                    /usr/lib/x86_64-linux-gnu/libXext.so.6.4.0
7f6b9edf3000-7f6b9eff2000 ---p 00011000 08:04 8655126                    /usr/lib/x86_64-linux-gnu/libXext.so.6.4.0
7f6b9eff2000-7f6b9eff3000 r--p 00010000 08:04 8655126                    /usr/lib/x86_64-linux-gnu/libXext.so.6.4.0
7f6b9eff3000-7f6b9eff4000 rw-p 00011000 08:04 8655126                    /usr/lib/x86_64-linux-gnu/libXext.so.6.4.0
7f6b9eff4000-7f6b9f048000 r-xp 00000000 08:04 8918230                    /usr/lib/jvm/java-8-oracle/jre/lib/amd64/libawt_xawt.so
7f6b9f048000-7f6b9f248000 ---p 00054000 08:04 8918230                    /usr/lib/jvm/java-8-oracle/jre/lib/amd64/libawt_xawt.so
7f6b9f248000-7f6b9f24c000 rw-p 00054000 08:04 8918230                    /usr/lib/jvm/java-8-oracle/jre/lib/amd64/libawt_xawt.so
7f6b9f24c000-7f6b9f24d000 rw-p 00000000 00:00 0 
7f6b9f24d000-7f6b9f2ef000 r-xp 00000000 08:04 8918257                    /usr/lib/jvm/java-8-oracle/jre/lib/amd64/libawt.so
7f6b9f2ef000-7f6b9f4ef000 ---p 000a2000 08:04 8918257                    /usr/lib/jvm/java-8-oracle/jre/lib/amd64/libawt.so
7f6b9f4ef000-7f6b9f4fb000 rw-p 000a2000 08:04 8918257                    /usr/lib/jvm/java-8-oracle/jre/lib/amd64/libawt.so
7f6b9f4fb000-7f6b9f51f000 rw-p 00000000 00:00 0 
7f6b9f51f000-7f6b9f520000 ---p 00000000 00:00 0 
7f6b9f520000-7f6b9f620000 rw-p 00000000 00:00 0 
7f6b9f620000-7f6b9f623000 ---p 00000000 00:00 0 
7f6b9f623000-7f6b9f721000 rw-p 00000000 00:00 0 
7f6b9f721000-7f6b9f724000 ---p 00000000 00:00 0 
7f6b9f724000-7f6b9f822000 rw-p 00000000 00:00 0 
7f6b9f822000-7f6b9f825000 ---p 00000000 00:00 0 
7f6b9f825000-7f6b9f923000 rw-p 00000000 00:00 0 
7f6b9f923000-7f6b9f926000 ---p 00000000 00:00 0 
7f6b9f926000-7f6b9fa24000 rw-p 00000000 00:00 0 
7f6b9fa24000-7f6b9fa27000 ---p 00000000 00:00 0 
7f6b9fa27000-7f6b9fb25000 rw-p 00000000 00:00 0 
7f6b9fb25000-7f6b9fdfe000 r--p 00000000 08:04 8654986                    /usr/lib/locale/locale-archive
7f6b9fdfe000-7f6b9fe01000 ---p 00000000 00:00 0 
7f6b9fe01000-7f6b9feff000 rw-p 00000000 00:00 0 
7f6b9feff000-7f6b9ff02000 ---p 00000000 00:00 0 
7f6b9ff02000-7f6ba0000000 rw-p 00000000 00:00 0 
7f6ba0000000-7f6ba0021000 rw-p 00000000 00:00 0 
7f6ba0021000-7f6ba4000000 ---p 00000000 00:00 0 
7f6ba4023000-7f6ba4036000 rw-s 49fc0000 00:06 506                        /dev/nvidiactl
7f6ba4036000-7f6ba4056000 rw-s e0300000 00:06 507                        /dev/nvidia0
7f6ba4056000-7f6ba4096000 rw-s ca97f000 00:06 506                        /dev/nvidiactl
7f6ba4096000-7f6ba40b6000 rw-s c04d0000 00:06 506                        /dev/nvidiactl
7f6ba40b6000-7f6ba40c6000 rw-s 00000000 08:04 13901385                   /home/maambmb/.glvndxj9mkW (deleted)
7f6ba40c6000-7f6ba40c9000 ---p 00000000 00:00 0 
7f6ba40c9000-7f6ba40ff000 rw-p 00000000 00:00 0 
7f6ba40ff000-7f6ba4100000 ---p 00000000 00:00 0 
7f6ba4100000-7f6ba8000000 rw-p 00000000 00:00 0 
7f6ba8000000-7f6ba8021000 rw-p 00000000 00:00 0 
7f6ba8021000-7f6bac000000 ---p 00000000 00:00 0 
7f6bac00e000-7f6bac01e000 r-xs 00000000 08:04 13901385                   /home/maambmb/.glvndxj9mkW (deleted)
7f6bac01e000-7f6bad000000 rw-p 00000000 00:00 0 
7f6bad000000-7f6bad270000 rwxp 00000000 00:00 0 
7f6bad270000-7f6bbc000000 ---p 00000000 00:00 0 
7f6bbc000000-7f6bbc9f9000 rw-p 00000000 00:00 0 
7f6bbc9f9000-7f6bc0000000 ---p 00000000 00:00 0 
7f6bc0009000-7f6bc000b000 rw-s 00000000 08:04 15990968                   /tmp/.glxf92bS (deleted)
7f6bc000b000-7f6bc01e4000 r--s 03d3e000 08:04 8918195                    /usr/lib/jvm/java-8-oracle/jre/lib/rt.jar
7f6bc01e4000-7f6bc09da000 rw-p 00000000 00:00 0 
7f6bc09da000-7f6bc0a5a000 ---p 00000000 00:00 0 
7f6bc0a5a000-7f6bc0e3a000 rw-p 00000000 00:00 0 
7f6bc0e3a000-7f6bc0e3b000 ---p 00000000 00:00 0 
7f6bc0e3b000-7f6bc0f3b000 rw-p 00000000 00:00 0 
7f6bc0f3b000-7f6bc0f3c000 ---p 00000000 00:00 0 
7f6bc0f3c000-7f6bc103c000 rw-p 00000000 00:00 0 
7f6bc103c000-7f6bc103d000 ---p 00000000 00:00 0 
7f6bc103d000-7f6bc113d000 rw-p 00000000 00:00 0 
7f6bc113d000-7f6bc113e000 ---p 00000000 00:00 0 
7f6bc113e000-7f6bc1268000 rw-p 00000000 00:00 0 
7f6bc1268000-7f6bc14d4000 ---p 00000000 00:00 0 
7f6bc14d4000-7f6bc14fe000 rw-p 00000000 00:00 0 
7f6bc14fe000-7f6bc1769000 ---p 00000000 00:00 0 
7f6bc1769000-7f6bc177e000 rw-p 00000000 00:00 0 
7f6bc177e000-7f6bc18b4000 ---p 00000000 00:00 0 
7f6bc18b4000-7f6bc18bf000 rw-p 00000000 00:00 0 
7f6bc18bf000-7f6bc1c75000 ---p 00000000 00:00 0 
7f6bc1c75000-7f6bc1c8f000 r-xp 00000000 08:04 8918226                    /usr/lib/jvm/java-8-oracle/jre/lib/amd64/libzip.so
7f6bc1c8f000-7f6bc1e8f000 ---p 0001a000 08:04 8918226                    /usr/lib/jvm/java-8-oracle/jre/lib/amd64/libzip.so
7f6bc1e8f000-7f6bc1e90000 rw-p 0001a000 08:04 8918226                    /usr/lib/jvm/java-8-oracle/jre/lib/amd64/libzip.so
7f6bc1e90000-7f6bc1e9b000 r-xp 00000000 08:04 11796525                   /lib/x86_64-linux-gnu/libnss_files-2.24.so
7f6bc1e9b000-7f6bc209a000 ---p 0000b000 08:04 11796525                   /lib/x86_64-linux-gnu/libnss_files-2.24.so
7f6bc209a000-7f6bc209b000 r--p 0000a000 08:04 11796525                   /lib/x86_64-linux-gnu/libnss_files-2.24.so
7f6bc209b000-7f6bc209c000 rw-p 0000b000 08:04 11796525                   /lib/x86_64-linux-gnu/libnss_files-2.24.so
7f6bc209c000-7f6bc20a2000 rw-p 00000000 00:00 0 
7f6bc20a2000-7f6bc20ad000 r-xp 00000000 08:04 11796527                   /lib/x86_64-linux-gnu/libnss_nis-2.24.so
7f6bc20ad000-7f6bc22ac000 ---p 0000b000 08:04 11796527                   /lib/x86_64-linux-gnu/libnss_nis-2.24.so
7f6bc22ac000-7f6bc22ad000 r--p 0000a000 08:04 11796527                   /lib/x86_64-linux-gnu/libnss_nis-2.24.so
7f6bc22ad000-7f6bc22ae000 rw-p 0000b000 08:04 11796527                   /lib/x86_64-linux-gnu/libnss_nis-2.24.so
7f6bc22ae000-7f6bc22c4000 r-xp 00000000 08:04 11796522                   /lib/x86_64-linux-gnu/libnsl-2.24.so
7f6bc22c4000-7f6bc24c3000 ---p 00016000 08:04 11796522                   /lib/x86_64-linux-gnu/libnsl-2.24.so
7f6bc24c3000-7f6bc24c4000 r--p 00015000 08:04 11796522                   /lib/x86_64-linux-gnu/libnsl-2.24.so
7f6bc24c4000-7f6bc24c5000 rw-p 00016000 08:04 11796522                   /lib/x86_64-linux-gnu/libnsl-2.24.so
7f6bc24c5000-7f6bc24c7000 rw-p 00000000 00:00 0 
7f6bc24c7000-7f6bc24cf000 r-xp 00000000 08:04 11796523                   /lib/x86_64-linux-gnu/libnss_compat-2.24.so
7f6bc24cf000-7f6bc26ce000 ---p 00008000 08:04 11796523                   /lib/x86_64-linux-gnu/libnss_compat-2.24.so
7f6bc26ce000-7f6bc26cf000 r--p 00007000 08:04 11796523                   /lib/x86_64-linux-gnu/libnss_compat-2.24.so
7f6bc26cf000-7f6bc26d0000 rw-p 00008000 08:04 11796523                   /lib/x86_64-linux-gnu/libnss_compat-2.24.so
7f6bc26d0000-7f6bc26fb000 r-xp 00000000 08:04 8918251                    /usr/lib/jvm/java-8-oracle/jre/lib/amd64/libjava.so
7f6bc26fb000-7f6bc28fa000 ---p 0002b000 08:04 8918251                    /usr/lib/jvm/java-8-oracle/jre/lib/amd64/libjava.so
7f6bc28fa000-7f6bc28fc000 rw-p 0002a000 08:04 8918251                    /usr/lib/jvm/java-8-oracle/jre/lib/amd64/libjava.so
7f6bc28fc000-7f6bc2909000 r-xp 00000000 08:04 8918204                    /usr/lib/jvm/java-8-oracle/jre/lib/amd64/libverify.so
7f6bc2909000-7f6bc2b08000 ---p 0000d000 08:04 8918204                    /usr/lib/jvm/java-8-oracle/jre/lib/amd64/libverify.so
7f6bc2b08000-7f6bc2b0a000 rw-p 0000c000 08:04 8918204                    /usr/lib/jvm/java-8-oracle/jre/lib/amd64/libverify.so
7f6bc2b0a000-7f6bc2b11000 r-xp 00000000 08:04 11801078                   /lib/x86_64-linux-gnu/librt-2.24.so
7f6bc2b11000-7f6bc2d10000 ---p 00007000 08:04 11801078                   /lib/x86_64-linux-gnu/librt-2.24.so
7f6bc2d10000-7f6bc2d11000 r--p 00006000 08:04 11801078                   /lib/x86_64-linux-gnu/librt-2.24.so
7f6bc2d11000-7f6bc2d12000 rw-p 00007000 08:04 11801078                   /lib/x86_64-linux-gnu/librt-2.24.so
7f6bc2d12000-7f6bc2e1a000 r-xp 00000000 08:04 11796519                   /lib/x86_64-linux-gnu/libm-2.24.so
7f6bc2e1a000-7f6bc3019000 ---p 00108000 08:04 11796519                   /lib/x86_64-linux-gnu/libm-2.24.so
7f6bc3019000-7f6bc301a000 r--p 00107000 08:04 11796519                   /lib/x86_64-linux-gnu/libm-2.24.so
7f6bc301a000-7f6bc301b000 rw-p 00108000 08:04 11796519                   /lib/x86_64-linux-gnu/libm-2.24.so
7f6bc301b000-7f6bc3ce9000 r-xp 00000000 08:04 9050715                    /usr/lib/jvm/java-8-oracle/jre/lib/amd64/server/libjvm.so
7f6bc3ce9000-7f6bc3ee9000 ---p 00cce000 08:04 9050715                    /usr/lib/jvm/java-8-oracle/jre/lib/amd64/server/libjvm.so
7f6bc3ee9000-7f6bc3fc2000 rw-p 00cce000 08:04 9050715                    /usr/lib/jvm/java-8-oracle/jre/lib/amd64/server/libjvm.so
7f6bc3fc2000-7f6bc400d000 rw-p 00000000 00:00 0 
7f6bc400d000-7f6bc41ca000 r-xp 00000000 08:04 11796515                   /lib/x86_64-linux-gnu/libc-2.24.so
7f6bc41ca000-7f6bc43ca000 ---p 001bd000 08:04 11796515                   /lib/x86_64-linux-gnu/libc-2.24.so
7f6bc43ca000-7f6bc43ce000 r--p 001bd000 08:04 11796515                   /lib/x86_64-linux-gnu/libc-2.24.so
7f6bc43ce000-7f6bc43d0000 rw-p 001c1000 08:04 11796515                   /lib/x86_64-linux-gnu/libc-2.24.so
7f6bc43d0000-7f6bc43d4000 rw-p 00000000 00:00 0 
7f6bc43d4000-7f6bc43d7000 r-xp 00000000 08:04 11796518                   /lib/x86_64-linux-gnu/libdl-2.24.so
7f6bc43d7000-7f6bc45d6000 ---p 00003000 08:04 11796518                   /lib/x86_64-linux-gnu/libdl-2.24.so
7f6bc45d6000-7f6bc45d7000 r--p 00002000 08:04 11796518                   /lib/x86_64-linux-gnu/libdl-2.24.so
7f6bc45d7000-7f6bc45d8000 rw-p 00003000 08:04 11796518                   /lib/x86_64-linux-gnu/libdl-2.24.so
7f6bc45d8000-7f6bc45ed000 r-xp 00000000 08:04 8660528                    /usr/lib/jvm/java-8-oracle/lib/amd64/jli/libjli.so
7f6bc45ed000-7f6bc47ed000 ---p 00015000 08:04 8660528                    /usr/lib/jvm/java-8-oracle/lib/amd64/jli/libjli.so
7f6bc47ed000-7f6bc47ee000 rw-p 00015000 08:04 8660528                    /usr/lib/jvm/java-8-oracle/lib/amd64/jli/libjli.so
7f6bc47ee000-7f6bc4806000 r-xp 00000000 08:04 11796530                   /lib/x86_64-linux-gnu/libpthread-2.24.so
7f6bc4806000-7f6bc4a06000 ---p 00018000 08:04 11796530                   /lib/x86_64-linux-gnu/libpthread-2.24.so
7f6bc4a06000-7f6bc4a07000 r--p 00018000 08:04 11796530                   /lib/x86_64-linux-gnu/libpthread-2.24.so
7f6bc4a07000-7f6bc4a08000 rw-p 00019000 08:04 11796530                   /lib/x86_64-linux-gnu/libpthread-2.24.so
7f6bc4a08000-7f6bc4a0c000 rw-p 00000000 00:00 0 
7f6bc4a0c000-7f6bc4a31000 r-xp 00000000 08:04 11796484                   /lib/x86_64-linux-gnu/ld-2.24.so
7f6bc4a32000-7f6bc4a33000 rw-s be137000 00:06 506                        /dev/nvidiactl
7f6bc4a33000-7f6bc4a37000 rw-s 49f2f000 00:06 506                        /dev/nvidiactl
7f6bc4a37000-7f6bc4a38000 rw-s e7f6c000 00:06 507                        /dev/nvidia0
7f6bc4a38000-7f6bc4a39000 rw-s a375c000 00:06 506                        /dev/nvidiactl
7f6bc4a39000-7f6bc4a3a000 rw-s f4060000 00:06 507                        /dev/nvidia0
7f6bc4a3a000-7f6bc4a3b000 r--p 00000000 08:04 9441535                    /usr/share/locale-langpack/en_GB/LC_MESSAGES/libc.mo
7f6bc4a3b000-7f6bc4a49000 r--s 000f2000 08:04 14811681                   /opt/lwjgl/lwjgl.jar
7f6bc4a49000-7f6bc4b14000 rw-p 00000000 00:00 0 
7f6bc4b14000-7f6bc4b17000 ---p 00000000 00:00 0 
7f6bc4b17000-7f6bc4c17000 rw-p 00000000 00:00 0 
7f6bc4c17000-7f6bc4c1a000 r--s 00017000 08:04 14811692                   /opt/lwjgl/slick-util.jar
7f6bc4c1a000-7f6bc4c1e000 r--s 00027000 08:04 14811694                   /opt/lwjgl/lwjgl_util.jar
7f6bc4c1e000-7f6bc4c23000 r--s 002f9000 08:04 8918191                    /usr/lib/jvm/java-8-oracle/jre/lib/charsets.jar
7f6bc4c23000-7f6bc4c2b000 rw-s 00000000 08:04 15990811                   /tmp/hsperfdata_maambmb/23462
7f6bc4c2b000-7f6bc4c2c000 rw-p 00000000 00:00 0 
7f6bc4c2c000-7f6bc4c2d000 r--p 00000000 00:00 0 
7f6bc4c2d000-7f6bc4c30000 rw-p 00000000 00:00 0 
7f6bc4c30000-7f6bc4c31000 r--p 00024000 08:04 11796484                   /lib/x86_64-linux-gnu/ld-2.24.so
7f6bc4c31000-7f6bc4c32000 rw-p 00025000 08:04 11796484                   /lib/x86_64-linux-gnu/ld-2.24.so
7f6bc4c32000-7f6bc4c33000 rw-p 00000000 00:00 0 
7fff72d3a000-7fff72d5b000 rw-p 00000000 00:00 0                          [stack]
7fff72d94000-7fff72d96000 r--p 00000000 00:00 0                          [vvar]
7fff72d96000-7fff72d98000 r-xp 00000000 00:00 0                          [vdso]
ffffffffff600000-ffffffffff601000 r-xp 00000000 00:00 0                  [vsyscall]

VM Arguments:
jvm_args: -Dfile.encoding=UTF-8 
java_command: game.Game
java_class_path (initial): /home/maambmb/Projects/Java/fi/bin:/opt/lwjgl/lwjgl.jar:/opt/lwjgl/lwjgl_util.jar:/opt/lwjgl/slick-util.jar
Launcher Type: SUN_STANDARD

Environment Variables:
JAVA_HOME=/usr/lib/jvm/java-8-oracle
PATH=/home/maambmb/bin:/home/maambmb/.local/bin:/usr/local/sbin:/usr/local/bin:/usr/sbin:/usr/bin:/sbin:/bin:/usr/games:/usr/local/games:/snap/bin:/usr/lib/jvm/java-8-oracle/bin:/usr/lib/jvm/java-8-oracle/db/bin:/usr/lib/jvm/java-8-oracle/jre/bin
SHELL=/bin/bash
DISPLAY=:0.0

Signal Handlers:
SIGSEGV: [libjvm.so+0xac78c0], sa_mask[0]=11111111011111111101111111111110, sa_flags=SA_RESTART|SA_SIGINFO
SIGBUS: [libjvm.so+0xac78c0], sa_mask[0]=11111111011111111101111111111110, sa_flags=SA_RESTART|SA_SIGINFO
SIGFPE: [libjvm.so+0x920ac0], sa_mask[0]=11111111011111111101111111111110, sa_flags=SA_RESTART|SA_SIGINFO
SIGPIPE: [libjvm.so+0x920ac0], sa_mask[0]=11111111011111111101111111111110, sa_flags=SA_RESTART|SA_SIGINFO
SIGXFSZ: [libjvm.so+0x920ac0], sa_mask[0]=11111111011111111101111111111110, sa_flags=SA_RESTART|SA_SIGINFO
SIGILL: [libjvm.so+0x920ac0], sa_mask[0]=11111111011111111101111111111110, sa_flags=SA_RESTART|SA_SIGINFO
SIGUSR1: SIG_DFL, sa_mask[0]=00000000000000000000000000000000, sa_flags=none
SIGUSR2: [libjvm.so+0x922300], sa_mask[0]=00100000000000000000000000000000, sa_flags=SA_RESTART|SA_SIGINFO
SIGHUP: [libjvm.so+0x923700], sa_mask[0]=11111111011111111101111111111110, sa_flags=SA_RESTART|SA_SIGINFO
SIGINT: [libjvm.so+0x923700], sa_mask[0]=11111111011111111101111111111110, sa_flags=SA_RESTART|SA_SIGINFO
SIGTERM: [libjvm.so+0x923700], sa_mask[0]=11111111011111111101111111111110, sa_flags=SA_RESTART|SA_SIGINFO
SIGQUIT: [libjvm.so+0x923700], sa_mask[0]=11111111011111111101111111111110, sa_flags=SA_RESTART|SA_SIGINFO


---------------  S Y S T E M  ---------------

OS:DISTRIB_ID=Ubuntu
DISTRIB_RELEASE=16.10
DISTRIB_CODENAME=yakkety
DISTRIB_DESCRIPTION="Ubuntu 16.10"

uname:Linux 4.8.0-37-generic #39-Ubuntu SMP Thu Jan 26 02:27:07 UTC 2017 x86_64
libc:glibc 2.24 NPTL 2.24 
rlimit: STACK 8192k, CORE 0k, NPROC 31518, NOFILE 65536, AS infinity
load average:0.75 0.81 1.01

/proc/meminfo:
MemTotal:        8118504 kB
MemFree:         1709700 kB
MemAvailable:    3233788 kB
Buffers:          115740 kB
Cached:          2025340 kB
SwapCached:            0 kB
Active:          4584620 kB
Inactive:        1441624 kB
Active(anon):    3896180 kB
Inactive(anon):   432244 kB
Active(file):     688440 kB
Inactive(file):  1009380 kB
Unevictable:          32 kB
Mlocked:              32 kB
SwapTotal:       9764860 kB
SwapFree:        9764860 kB
Dirty:                76 kB
Writeback:             4 kB
AnonPages:       3637032 kB
Mapped:           919896 kB
Shmem:            443264 kB
Slab:             138408 kB
SReclaimable:      91308 kB
SUnreclaim:        47100 kB
KernelStack:       13440 kB
PageTables:        63304 kB
NFS_Unstable:          0 kB
Bounce:                0 kB
WritebackTmp:          0 kB
CommitLimit:    13824112 kB
Committed_AS:   11120800 kB
VmallocTotal:   34359738367 kB
VmallocUsed:           0 kB
VmallocChunk:          0 kB
HardwareCorrupted:     0 kB
AnonHugePages:    665600 kB
ShmemHugePages:        0 kB
ShmemPmdMapped:        0 kB
CmaTotal:              0 kB
CmaFree:               0 kB
HugePages_Total:       0
HugePages_Free:        0
HugePages_Rsvd:        0
HugePages_Surp:        0
Hugepagesize:       2048 kB
DirectMap4k:      375960 kB
DirectMap2M:     7956480 kB


CPU:total 4 (4 cores per cpu, 1 threads per core) family 6 model 58 stepping 9, cmov, cx8, fxsr, mmx, sse, sse2, sse3, ssse3, sse4.1, sse4.2, popcnt, avx, aes, clmul, erms, tsc, tscinvbit, tscinv

/proc/cpuinfo:
processor	: 0
vendor_id	: GenuineIntel
cpu family	: 6
model		: 58
model name	: Intel(R) Core(TM) i5-3570K CPU @ 3.40GHz
stepping	: 9
microcode	: 0x17
cpu MHz		: 3621.215
cache size	: 6144 KB
physical id	: 0
siblings	: 4
core id		: 0
cpu cores	: 4
apicid		: 0
initial apicid	: 0
fpu		: yes
fpu_exception	: yes
cpuid level	: 13
wp		: yes
flags		: fpu vme de pse tsc msr pae mce cx8 apic sep mtrr pge mca cmov pat pse36 clflush dts acpi mmx fxsr sse sse2 ss ht tm pbe syscall nx rdtscp lm constant_tsc arch_perfmon pebs bts rep_good nopl xtopology nonstop_tsc aperfmperf eagerfpu pni pclmulqdq dtes64 monitor ds_cpl vmx est tm2 ssse3 cx16 xtpr pdcm pcid sse4_1 sse4_2 popcnt tsc_deadline_timer aes xsave avx f16c rdrand lahf_lm epb tpr_shadow vnmi flexpriority ept vpid fsgsbase smep erms xsaveopt dtherm ida arat pln pts
bugs		:
bogomips	: 6820.04
clflush size	: 64
cache_alignment	: 64
address sizes	: 36 bits physical, 48 bits virtual
power management:

processor	: 1
vendor_id	: GenuineIntel
cpu family	: 6
model		: 58
model name	: Intel(R) Core(TM) i5-3570K CPU @ 3.40GHz
stepping	: 9
microcode	: 0x17
cpu MHz		: 3624.743
cache size	: 6144 KB
physical id	: 0
siblings	: 4
core id		: 1
cpu cores	: 4
apicid		: 2
initial apicid	: 2
fpu		: yes
fpu_exception	: yes
cpuid level	: 13
wp		: yes
flags		: fpu vme de pse tsc msr pae mce cx8 apic sep mtrr pge mca cmov pat pse36 clflush dts acpi mmx fxsr sse sse2 ss ht tm pbe syscall nx rdtscp lm constant_tsc arch_perfmon pebs bts rep_good nopl xtopology nonstop_tsc aperfmperf eagerfpu pni pclmulqdq dtes64 monitor ds_cpl vmx est tm2 ssse3 cx16 xtpr pdcm pcid sse4_1 sse4_2 popcnt tsc_deadline_timer aes xsave avx f16c rdrand lahf_lm epb tpr_shadow vnmi flexpriority ept vpid fsgsbase smep erms xsaveopt dtherm ida arat pln pts
bugs		:
bogomips	: 6820.04
clflush size	: 64
cache_alignment	: 64
address sizes	: 36 bits physical, 48 bits virtual
power management:

processor	: 2
vendor_id	: GenuineIntel
cpu family	: 6
model		: 58
model name	: Intel(R) Core(TM) i5-3570K CPU @ 3.40GHz
stepping	: 9
microcode	: 0x17
cpu MHz		: 3607.312
cache size	: 6144 KB
physical id	: 0
siblings	: 4
core id		: 2
cpu cores	: 4
apicid		: 4
initial apicid	: 4
fpu		: yes
fpu_exception	: yes
cpuid level	: 13
wp		: yes
flags		: fpu vme de pse tsc msr pae mce cx8 apic sep mtrr pge mca cmov pat pse36 clflush dts acpi mmx fxsr sse sse2 ss ht tm pbe syscall nx rdtscp lm constant_tsc arch_perfmon pebs bts rep_good nopl xtopology nonstop_tsc aperfmperf eagerfpu pni pclmulqdq dtes64 monitor ds_cpl vmx est tm2 ssse3 cx16 xtpr pdcm pcid sse4_1 sse4_2 popcnt tsc_deadline_timer aes xsave avx f16c rdrand lahf_lm epb tpr_shadow vnmi flexpriority ept vpid fsgsbase smep erms xsaveopt dtherm ida arat pln pts
bugs		:
bogomips	: 6820.04
clflush size	: 64
cache_alignment	: 64
address sizes	: 36 bits physical, 48 bits virtual
power management:

processor	: 3
vendor_id	: GenuineIntel
cpu family	: 6
model		: 58
model name	: Intel(R) Core(TM) i5-3570K CPU @ 3.40GHz
stepping	: 9
microcode	: 0x17
cpu MHz		: 3615.820
cache size	: 6144 KB
physical id	: 0
siblings	: 4
core id		: 3
cpu cores	: 4
apicid		: 6
initial apicid	: 6
fpu		: yes
fpu_exception	: yes
cpuid level	: 13
wp		: yes
flags		: fpu vme de pse tsc msr pae mce cx8 apic sep mtrr pge mca cmov pat pse36 clflush dts acpi mmx fxsr sse sse2 ss ht tm pbe syscall nx rdtscp lm constant_tsc arch_perfmon pebs bts rep_good nopl xtopology nonstop_tsc aperfmperf eagerfpu pni pclmulqdq dtes64 monitor ds_cpl vmx est tm2 ssse3 cx16 xtpr pdcm pcid sse4_1 sse4_2 popcnt tsc_deadline_timer aes xsave avx f16c rdrand lahf_lm epb tpr_shadow vnmi flexpriority ept vpid fsgsbase smep erms xsaveopt dtherm ida arat pln pts
bugs		:
bogomips	: 6820.04
clflush size	: 64
cache_alignment	: 64
address sizes	: 36 bits physical, 48 bits virtual
power management:



Memory: 4k page, physical 8118504k(1709700k free), swap 9764860k(9764860k free)

vm_info: Java HotSpot(TM) 64-Bit Server VM (25.121-b13) for linux-amd64 JRE (1.8.0_121-b13), built on Dec 12 2016 16:36:53 by "java_re" with gcc 4.3.0 20080428 (Red Hat 4.3.0-8)

time: Fri Feb  3 23:21:36 2017
elapsed time: 0 seconds (0d 0h 0m 0s)

