#
# A fatal error has been detected by the Java Runtime Environment:
#
#  SIGSEGV (0xb) at pc=0x00007fa2a73aa818, pid=21731, tid=0x00007fa305a89700
#
# JRE version: Java(TM) SE Runtime Environment (8.0_121-b13) (build 1.8.0_121-b13)
# Java VM: Java HotSpot(TM) 64-Bit Server VM (25.121-b13 mixed mode linux-amd64 compressed oops)
# Problematic frame:
# C  [libnvidia-glcore.so.367.57+0x10e3818]
#
# Failed to write core dump. Core dumps have been disabled. To enable core dumping, try "ulimit -c unlimited" before starting Java again
#
# If you would like to submit a bug report, please visit:
#   http://bugreport.java.com/bugreport/crash.jsp
# The crash happened outside the Java Virtual Machine in native code.
# See problematic frame for where to report the bug.
#

---------------  T H R E A D  ---------------

Current thread (0x00007fa2fc009800):  JavaThread "main" [_thread_in_native, id=21733, stack(0x00007fa305989000,0x00007fa305a8a000)]

siginfo: si_signo: 11 (SIGSEGV), si_code: 1 (SEGV_MAPERR), si_addr: 0x0000000000000000

Registers:
RAX=0x0000000000000018, RBX=0x00007fa2fc793e58, RCX=0x0000000000000018, RDX=0x0000000000000004
RSP=0x00007fa305a87f88, RBP=0x00007fa2fc56fd10, RSI=0x0000000000000000, RDI=0x00007fa2dc73fab4
R8 =0x00007fa2dc73fab4, R9 =0x0000000000000018, R10=0x0000000000000000, R11=0x0000000000000000
R12=0x00007fa2fc794460, R13=0x00007fa2fc368930, R14=0x00007fa2fc368920, R15=0x00007fa300036b54
RIP=0x00007fa2a73aa818, EFLAGS=0x0000000000010246, CSGSFS=0x002b000000000033, ERR=0x0000000000000004
  TRAPNO=0x000000000000000e

Top of Stack: (sp=0x00007fa305a87f88)
0x00007fa305a87f88:   00007fa2a746eed3 00007fa2fc794218
0x00007fa305a87f98:   0000000000000010 000000000000001f
0x00007fa305a87fa8:   0000000000794218 0000000000000018
0x00007fa305a87fb8:   0000000041cd6000 00007fa2dc73fab4
0x00007fa305a87fc8:   00007fa2a73aa810 0000000006aa4b74
0x00007fa305a87fd8:   00007fa2fc793e58 00007fa200000000
0x00007fa305a87fe8:   00007fa2a6f44f8e 00007fa2fc797d60
0x00007fa305a87ff8:   0000001fa72ca904 0000000100000003
0x00007fa305a88008:   00007fa2fc7941e8 00007fa2fc60c5d8
0x00007fa305a88018:   0000000000000003 0000000001041083
0x00007fa305a88028:   10c0000000000000 0000000001041083
0x00007fa305a88038:   10c0000000000000 0000002000000020
0x00007fa305a88048:   00007fa2fc368930 0000000041cd6000
0x00007fa305a88058:   00007fa2fc794460 00007fa2fc368930
0x00007fa305a88068:   00007fa2fc368920 0000000041d26f88
0x00007fa305a88078:   00007fa2a7473624 00007fa305a8814c
0x00007fa305a88088:   00007fa305a88148 0000140501041083
0x00007fa305a88098:   ffffffff00000024 0000000400000000
0x00007fa305a880a8:   0000000041cd61f8 00007fa2fc56fd10
0x00007fa305a880b8:   00007fa2a7499265 0000000041cd6001
0x00007fa305a880c8:   00007fa305a89700 0000000001041083
0x00007fa305a880d8:   00c0000000000000 0000000000000018
0x00007fa305a880e8:   00000004a72ce072 0000000000000010
0x00007fa305a880f8:   0000000000c00000 00007fa2fc368930
0x00007fa305a88108:   0000000000000000 0000000000000000
0x00007fa305a88118:   0000000001041083 0000000041cd6001
0x00007fa305a88128:   00007fa305a89700 0000000001041083
0x00007fa305a88138:   00c0000000000000 0000000001041083
0x00007fa305a88148:   0000000000000018 00c0000000000000
0x00007fa305a88158:   00007fa2fc56fd10 00007fa2fc368930
0x00007fa305a88168:   00007fa2fc368920 0000000041cd6000
0x00007fa305a88178:   00007fa2fc793e58 0000000000000000 

Instructions: (pc=0x00007fa2a73aa818)
0x00007fa2a73aa7f8:   0c 48 83 c0 10 41 ff c8 75 ce 8d 41 ff 48 c1 e0
0x00007fa2a73aa808:   04 48 8d 44 07 10 c3 90 48 63 d2 49 89 f8 89 c8
0x00007fa2a73aa818:   f3 0f 2a 06 48 01 d6 f3 41 0f 11 00 49 83 c0 04
0x00007fa2a73aa828:   ff c8 75 ec 8d 41 ff 48 8d 44 87 04 c3 90 90 90 

Register to memory mapping:

RAX=0x0000000000000018 is an unknown value
RBX=0x00007fa2fc793e58 is an unknown value
RCX=0x0000000000000018 is an unknown value
RDX=0x0000000000000004 is an unknown value
RSP=0x00007fa305a87f88 is pointing into the stack for thread: 0x00007fa2fc009800
RBP=0x00007fa2fc56fd10 is an unknown value
RSI=0x0000000000000000 is an unknown value
RDI=0x00007fa2dc73fab4 is an unknown value
R8 =0x00007fa2dc73fab4 is an unknown value
R9 =0x0000000000000018 is an unknown value
R10=0x0000000000000000 is an unknown value
R11=0x0000000000000000 is an unknown value
R12=0x00007fa2fc794460 is an unknown value
R13=0x00007fa2fc368930 is an unknown value
R14=0x00007fa2fc368920 is an unknown value
R15=0x00007fa300036b54 is an unknown value


Stack: [0x00007fa305989000,0x00007fa305a8a000],  sp=0x00007fa305a87f88,  free space=1019k
Native frames: (J=compiled Java code, j=interpreted, Vv=VM code, C=native code)
C  [libnvidia-glcore.so.367.57+0x10e3818]

Java frames: (J=compiled Java code, j=interpreted, Vv=VM code)
j  org.lwjgl.opengl.GL11.nglDrawElementsBO(IIIJJ)V+0
j  org.lwjgl.opengl.GL11.glDrawElements(IIIJ)V+28
j  game.gfx.Model.render()V+73
j  game.component.ModelRenderComponent.shaderRender(Lgame/gfx/shader/Shader;)V+22
j  game.component.ModelBlockRenderComponent.render(Lgame/gfx/shader/BlockShader$BlockShaderRenderMessage;)V+4
j  game.component.ModelBlockRenderComponent$$Lambda$18.run(Ljava/lang/Object;)V+8
j  game.Listener.lambda$0(Lutil/Lambda$ActionUnary;Ljava/lang/Class;Ljava/lang/Object;)V+6
j  game.Listener$$Lambda$13.run(Ljava/lang/Object;)V+9
j  game.Listener.listen(Ljava/lang/Object;)V+97
j  game.Listener.listen(Ljava/lang/Object;)V+30
j  game.Game.run()V+114
j  game.Game.main([Ljava/lang/String;)V+9
v  ~StubRoutines::call_stub

---------------  P R O C E S S  ---------------

Java Threads: ( => current thread )
  0x00007fa2fc256000 JavaThread "process reaper" daemon [_thread_blocked, id=21753, stack(0x00007fa300067000,0x00007fa3000a0000)]
  0x00007fa2fc24a800 JavaThread "AWT-XAWT" daemon [_thread_in_native, id=21751, stack(0x00007fa2de1af000,0x00007fa2de2b0000)]
  0x00007fa2fc228800 JavaThread "Java2D Disposer" daemon [_thread_blocked, id=21750, stack(0x00007fa2e40ff000,0x00007fa2e4200000)]
  0x00007fa2fc0c0000 JavaThread "Service Thread" daemon [_thread_blocked, id=21748, stack(0x00007fa2ec31d000,0x00007fa2ec41e000)]
  0x00007fa2fc0bd800 JavaThread "C1 CompilerThread2" daemon [_thread_blocked, id=21747, stack(0x00007fa2ec41e000,0x00007fa2ec51f000)]
  0x00007fa2fc0bb800 JavaThread "C2 CompilerThread1" daemon [_thread_in_native, id=21746, stack(0x00007fa2ec51f000,0x00007fa2ec620000)]
  0x00007fa2fc0b8800 JavaThread "C2 CompilerThread0" daemon [_thread_blocked, id=21745, stack(0x00007fa2ec620000,0x00007fa2ec721000)]
  0x00007fa2fc0b7000 JavaThread "Signal Dispatcher" daemon [_thread_blocked, id=21744, stack(0x00007fa2ec721000,0x00007fa2ec822000)]
  0x00007fa2fc084000 JavaThread "Finalizer" daemon [_thread_blocked, id=21743, stack(0x00007fa2ecafb000,0x00007fa2ecbfc000)]
  0x00007fa2fc07f000 JavaThread "Reference Handler" daemon [_thread_blocked, id=21742, stack(0x00007fa2ecbfc000,0x00007fa2eccfd000)]
=>0x00007fa2fc009800 JavaThread "main" [_thread_in_native, id=21733, stack(0x00007fa305989000,0x00007fa305a8a000)]

Other Threads:
  0x00007fa2fc077800 VMThread [stack: 0x00007fa2eccfd000,0x00007fa2ecdfe000] [id=21741]
  0x00007fa2fc0c3000 WatcherThread [stack: 0x00007fa2ec21c000,0x00007fa2ec31d000] [id=21749]

VM state:not at safepoint (normal execution)

VM Mutex/Monitor currently owned by a thread: None

Heap:
 PSYoungGen      total 36864K, used 14212K [0x00000000d6b00000, 0x00000000d9400000, 0x0000000100000000)
  eden space 31744K, 44% used [0x00000000d6b00000,0x00000000d78e1238,0x00000000d8a00000)
  from space 5120K, 0% used [0x00000000d8f00000,0x00000000d8f00000,0x00000000d9400000)
  to   space 5120K, 0% used [0x00000000d8a00000,0x00000000d8a00000,0x00000000d8f00000)
 ParOldGen       total 84992K, used 0K [0x0000000084000000, 0x0000000089300000, 0x00000000d6b00000)
  object space 84992K, 0% used [0x0000000084000000,0x0000000084000000,0x0000000089300000)
 Metaspace       used 8335K, capacity 8575K, committed 8704K, reserved 1056768K
  class space    used 843K, capacity 916K, committed 1024K, reserved 1048576K

Card table byte_map: [0x00007fa302349000,0x00007fa30272a000] byte_map_base: 0x00007fa301f29000

Marking Bits: (ParMarkBitMap*) 0x00007fa304e54c80
 Begin Bits: [0x00007fa2e4200000, 0x00007fa2e6100000)
 End Bits:   [0x00007fa2e6100000, 0x00007fa2e8000000)

Polling page: 0x00007fa305aa1000

CodeCache: size=245760Kb used=2383Kb max_used=2383Kb free=243376Kb
 bounds [0x00007fa2ed000000, 0x00007fa2ed270000, 0x00007fa2fc000000]
 total_blobs=1087 nmethods=557 adapters=444
 compilation: enabled

Compilation events (10 events):
Event: 0.673 Thread 0x00007fa2fc0bd800  552       3       java.util.WeakHashMap::remove (133 bytes)
Event: 0.673 Thread 0x00007fa2fc0bd800 nmethod 552 0x00007fa2ed2509d0 code [0x00007fa2ed250bc0, 0x00007fa2ed251688]
Event: 0.674 Thread 0x00007fa2fc0bd800  551   !   3       java.util.zip.ZipFile$ZipFileInputStream::close (110 bytes)
Event: 0.674 Thread 0x00007fa2fc0bd800 nmethod 551 0x00007fa2ed253110 code [0x00007fa2ed2532c0, 0x00007fa2ed253ad8]
Event: 0.674 Thread 0x00007fa2fc0bd800  556   !   3       java.util.zip.Inflater::ended (32 bytes)
Event: 0.674 Thread 0x00007fa2fc0bd800 nmethod 556 0x00007fa2ed24ffd0 code [0x00007fa2ed250140, 0x00007fa2ed250510]
Event: 0.674 Thread 0x00007fa2fc0bd800  558       1       sun.misc.URLClassPath$JarLoader::access$600 (5 bytes)
Event: 0.674 Thread 0x00007fa2fc0bd800 nmethod 558 0x00007fa2ed24fd10 code [0x00007fa2ed24fe60, 0x00007fa2ed24ff50]
Event: 0.675 Thread 0x00007fa2fc0bd800  559       3       java.lang.ref.WeakReference::<init> (7 bytes)
Event: 0.675 Thread 0x00007fa2fc0bd800 nmethod 559 0x00007fa2ed253e50 code [0x00007fa2ed253fc0, 0x00007fa2ed254270]

GC Heap History (0 events):
No events

Deoptimization events (1 events):
Event: 0.605 Thread 0x00007fa2fc009800 Uncommon trap: reason=unstable_if action=reinterpret pc=0x00007fa2ed1a2d14 method=java.lang.String.replace(CC)Ljava/lang/String; @ 26

Internal exceptions (10 events):
Event: 0.017 Thread 0x00007fa2fc009800 Exception <a 'java/lang/NoSuchMethodError': Method sun.misc.Unsafe.prefetchRead(Ljava/lang/Object;J)V name or signature does not match> (0x00000000d6b07f90) thrown at [/HUDSON3/workspace/8-2-build-linux-amd64/jdk8u121/8372/hotspot/src/share/vm/prims/jni.c
Event: 0.076 Thread 0x00007fa2fc009800 Exception <a 'java/security/PrivilegedActionException'> (0x00000000d6cbb770) thrown at [/HUDSON3/workspace/8-2-build-linux-amd64/jdk8u121/8372/hotspot/src/share/vm/prims/jvm.cpp, line 1390]
Event: 0.076 Thread 0x00007fa2fc009800 Exception <a 'java/security/PrivilegedActionException'> (0x00000000d6cbb980) thrown at [/HUDSON3/workspace/8-2-build-linux-amd64/jdk8u121/8372/hotspot/src/share/vm/prims/jvm.cpp, line 1390]
Event: 0.076 Thread 0x00007fa2fc009800 Exception <a 'java/security/PrivilegedActionException'> (0x00000000d6cbdfd0) thrown at [/HUDSON3/workspace/8-2-build-linux-amd64/jdk8u121/8372/hotspot/src/share/vm/prims/jvm.cpp, line 1390]
Event: 0.076 Thread 0x00007fa2fc009800 Exception <a 'java/security/PrivilegedActionException'> (0x00000000d6cbe1e0) thrown at [/HUDSON3/workspace/8-2-build-linux-amd64/jdk8u121/8372/hotspot/src/share/vm/prims/jvm.cpp, line 1390]
Event: 0.107 Thread 0x00007fa2fc009800 Exception <a 'java/lang/NoSuchFieldError': method resolution failed> (0x00000000d6d8eee0) thrown at [/HUDSON3/workspace/8-2-build-linux-amd64/jdk8u121/8372/hotspot/src/share/vm/prims/methodHandles.cpp, line 1146]
Event: 0.108 Thread 0x00007fa2fc009800 Exception <a 'java/lang/NoSuchFieldError': method resolution failed> (0x00000000d6d9c630) thrown at [/HUDSON3/workspace/8-2-build-linux-amd64/jdk8u121/8372/hotspot/src/share/vm/prims/methodHandles.cpp, line 1146]
Event: 0.123 Thread 0x00007fa2fc009800 Exception <a 'java/io/FileNotFoundException'> (0x00000000d6e1a270) thrown at [/HUDSON3/workspace/8-2-build-linux-amd64/jdk8u121/8372/hotspot/src/share/vm/prims/jni.cpp, line 709]
Event: 0.123 Thread 0x00007fa2fc009800 Exception <a 'java/io/FileNotFoundException'> (0x00000000d6e1acc0) thrown at [/HUDSON3/workspace/8-2-build-linux-amd64/jdk8u121/8372/hotspot/src/share/vm/prims/jni.cpp, line 709]
Event: 0.182 Thread 0x00007fa2fc009800 Exception <a 'java/lang/NoClassDefFoundError': org/lwjgl/opengles/GLContext> (0x00000000d6f8b9c0) thrown at [/HUDSON3/workspace/8-2-build-linux-amd64/jdk8u121/8372/hotspot/src/share/vm/classfile/systemDictionary.cpp, line 199]

Events (10 events):
Event: 0.673 loading class org/lwjgl/util/vector/ReadableVector
Event: 0.673 loading class org/lwjgl/util/vector/ReadableVector done
Event: 0.673 loading class org/lwjgl/util/vector/WritableVector3f
Event: 0.673 loading class org/lwjgl/util/vector/WritableVector3f done
Event: 0.673 loading class org/lwjgl/util/vector/WritableVector2f
Event: 0.673 loading class org/lwjgl/util/vector/WritableVector2f done
Event: 0.674 loading class org/lwjgl/util/vector/Vector
Event: 0.674 loading class org/lwjgl/util/vector/Vector done
Event: 0.674 loading class org/lwjgl/opengl/GL13
Event: 0.674 loading class org/lwjgl/opengl/GL13 done


Dynamic libraries:
00400000-00401000 r-xp 00000000 08:04 8918164                            /usr/lib/jvm/java-8-oracle/bin/java
00600000-00601000 rw-p 00000000 08:04 8918164                            /usr/lib/jvm/java-8-oracle/bin/java
00d40000-00d61000 rw-p 00000000 00:00 0                                  [heap]
415cd000-415cf000 r-xs 00000000 08:04 15990969                           /tmp/.glAhMLS5 (deleted)
41cd6000-41d76000 rw-p 00000000 00:00 0 
84000000-89300000 rw-p 00000000 00:00 0 
89300000-d6b00000 ---p 00000000 00:00 0 
d6b00000-d9400000 rw-p 00000000 00:00 0 
d9400000-100000000 ---p 00000000 00:00 0 
100000000-100100000 rw-p 00000000 00:00 0 
100100000-140000000 ---p 00000000 00:00 0 
7fa2a0000000-7fa2a0021000 rw-p 00000000 00:00 0 
7fa2a0021000-7fa2a4000000 ---p 00000000 00:00 0 
7fa2a62c7000-7fa2a7660000 r-xp 00000000 08:04 8657823                    /usr/lib/nvidia-367/libnvidia-glcore.so.367.57
7fa2a7660000-7fa2a7680000 rwxp 01399000 08:04 8657823                    /usr/lib/nvidia-367/libnvidia-glcore.so.367.57
7fa2a7680000-7fa2a7a21000 r-xp 013b9000 08:04 8657823                    /usr/lib/nvidia-367/libnvidia-glcore.so.367.57
7fa2a7a21000-7fa2a7c20000 ---p 0175a000 08:04 8657823                    /usr/lib/nvidia-367/libnvidia-glcore.so.367.57
7fa2a7c20000-7fa2a7fe8000 rw-p 01759000 08:04 8657823                    /usr/lib/nvidia-367/libnvidia-glcore.so.367.57
7fa2a7fe8000-7fa2a8000000 rw-p 00000000 00:00 0 
7fa2a8000000-7fa2a8021000 rw-p 00000000 00:00 0 
7fa2a8021000-7fa2ac000000 ---p 00000000 00:00 0 
7fa2ac000000-7fa2ac021000 rw-p 00000000 00:00 0 
7fa2ac021000-7fa2b0000000 ---p 00000000 00:00 0 
7fa2b0000000-7fa2b0021000 rw-p 00000000 00:00 0 
7fa2b0021000-7fa2b4000000 ---p 00000000 00:00 0 
7fa2b4000000-7fa2b4021000 rw-p 00000000 00:00 0 
7fa2b4021000-7fa2b8000000 ---p 00000000 00:00 0 
7fa2b8000000-7fa2b80c8000 rw-p 00000000 00:00 0 
7fa2b80c8000-7fa2bc000000 ---p 00000000 00:00 0 
7fa2bc000000-7fa2bc22a000 rw-p 00000000 00:00 0 
7fa2bc22a000-7fa2c0000000 ---p 00000000 00:00 0 
7fa2c0000000-7fa2c0021000 rw-p 00000000 00:00 0 
7fa2c0021000-7fa2c4000000 ---p 00000000 00:00 0 
7fa2c4000000-7fa2c4090000 rw-p 00000000 00:00 0 
7fa2c4090000-7fa2c8000000 ---p 00000000 00:00 0 
7fa2c8000000-7fa2c8021000 rw-p 00000000 00:00 0 
7fa2c8021000-7fa2cc000000 ---p 00000000 00:00 0 
7fa2cc000000-7fa2cc021000 rw-p 00000000 00:00 0 
7fa2cc021000-7fa2d0000000 ---p 00000000 00:00 0 
7fa2d0000000-7fa2d0021000 rw-p 00000000 00:00 0 
7fa2d0021000-7fa2d4000000 ---p 00000000 00:00 0 
7fa2d4000000-7fa2d4021000 rw-p 00000000 00:00 0 
7fa2d4021000-7fa2d8000000 ---p 00000000 00:00 0 
7fa2d8000000-7fa2d8021000 rw-p 00000000 00:00 0 
7fa2d8021000-7fa2dc000000 ---p 00000000 00:00 0 
7fa2dc73b000-7fa2dc93b000 rw-s d8142000 00:06 506                        /dev/nvidiactl
7fa2dc93b000-7fa2dc9bb000 rw-s 8c677000 00:06 506                        /dev/nvidiactl
7fa2dc9bb000-7fa2dca3b000 rw-s a0d22000 00:06 506                        /dev/nvidiactl
7fa2dca3b000-7fa2dcb3b000 rw-s c04fb000 00:06 506                        /dev/nvidiactl
7fa2dcb3b000-7fa2dcc3f000 rw-s 20b475000 00:06 506                       /dev/nvidiactl
7fa2dcc3f000-7fa2dcc42000 r-xp 00000000 08:04 8657831                    /usr/lib/nvidia-367/tls/libnvidia-tls.so.367.57
7fa2dcc42000-7fa2dce42000 ---p 00003000 08:04 8657831                    /usr/lib/nvidia-367/tls/libnvidia-tls.so.367.57
7fa2dce42000-7fa2dce43000 rw-p 00003000 08:04 8657831                    /usr/lib/nvidia-367/tls/libnvidia-tls.so.367.57
7fa2dce43000-7fa2dcf0b000 r-xp 00000000 08:04 8657808                    /usr/lib/nvidia-367/libGLX_nvidia.so.367.57
7fa2dcf0b000-7fa2dcf3f000 rwxp 000c8000 08:04 8657808                    /usr/lib/nvidia-367/libGLX_nvidia.so.367.57
7fa2dcf3f000-7fa2dcf52000 r-xp 000fc000 08:04 8657808                    /usr/lib/nvidia-367/libGLX_nvidia.so.367.57
7fa2dcf52000-7fa2dd152000 ---p 0010f000 08:04 8657808                    /usr/lib/nvidia-367/libGLX_nvidia.so.367.57
7fa2dd152000-7fa2dd17a000 rw-p 0010f000 08:04 8657808                    /usr/lib/nvidia-367/libGLX_nvidia.so.367.57
7fa2dd17a000-7fa2dd181000 rw-p 00000000 00:00 0 
7fa2dd181000-7fa2dd1cf000 r-xp 00000000 08:04 8657809                    /usr/lib/nvidia-367/libGLdispatch.so.0
7fa2dd1cf000-7fa2dd201000 r-xp 0004e000 08:04 8657809                    /usr/lib/nvidia-367/libGLdispatch.so.0
7fa2dd201000-7fa2dd23b000 r-xp 00080000 08:04 8657809                    /usr/lib/nvidia-367/libGLdispatch.so.0
7fa2dd23b000-7fa2dd43b000 ---p 000ba000 08:04 8657809                    /usr/lib/nvidia-367/libGLdispatch.so.0
7fa2dd43b000-7fa2dd44a000 rw-p 000ba000 08:04 8657809                    /usr/lib/nvidia-367/libGLdispatch.so.0
7fa2dd44a000-7fa2dd46a000 rw-p 00000000 00:00 0 
7fa2dd46a000-7fa2dd47a000 r-xp 00000000 08:04 8657807                    /usr/lib/nvidia-367/libGLX.so.0
7fa2dd47a000-7fa2dd67a000 ---p 00010000 08:04 8657807                    /usr/lib/nvidia-367/libGLX.so.0
7fa2dd67a000-7fa2dd67b000 rw-p 00010000 08:04 8657807                    /usr/lib/nvidia-367/libGLX.so.0
7fa2dd67b000-7fa2dd69b000 rw-p 00000000 00:00 0 
7fa2dd69b000-7fa2dd6cc000 r-xp 00000000 08:04 8657800                    /usr/lib/nvidia-367/libGL.so.1.0.0
7fa2dd6cc000-7fa2dd6fe000 r-xp 00031000 08:04 8657800                    /usr/lib/nvidia-367/libGL.so.1.0.0
7fa2dd6fe000-7fa2dd728000 r-xp 00063000 08:04 8657800                    /usr/lib/nvidia-367/libGL.so.1.0.0
7fa2dd728000-7fa2dd928000 ---p 0008d000 08:04 8657800                    /usr/lib/nvidia-367/libGL.so.1.0.0
7fa2dd928000-7fa2dd929000 rw-p 0008d000 08:04 8657800                    /usr/lib/nvidia-367/libGL.so.1.0.0
7fa2dd929000-7fa2dd92a000 rw-p 00000000 00:00 0 
7fa2dd92a000-7fa2dd92f000 r-xp 00000000 08:04 8655162                    /usr/lib/x86_64-linux-gnu/libXxf86vm.so.1.0.0
7fa2dd92f000-7fa2ddb2e000 ---p 00005000 08:04 8655162                    /usr/lib/x86_64-linux-gnu/libXxf86vm.so.1.0.0
7fa2ddb2e000-7fa2ddb2f000 r--p 00004000 08:04 8655162                    /usr/lib/x86_64-linux-gnu/libXxf86vm.so.1.0.0
7fa2ddb2f000-7fa2ddb30000 rw-p 00005000 08:04 8655162                    /usr/lib/x86_64-linux-gnu/libXxf86vm.so.1.0.0
7fa2ddb30000-7fa2ddb3a000 r-xp 00000000 08:04 8655144                    /usr/lib/x86_64-linux-gnu/libXrandr.so.2.2.0
7fa2ddb3a000-7fa2ddd39000 ---p 0000a000 08:04 8655144                    /usr/lib/x86_64-linux-gnu/libXrandr.so.2.2.0
7fa2ddd39000-7fa2ddd3a000 r--p 00009000 08:04 8655144                    /usr/lib/x86_64-linux-gnu/libXrandr.so.2.2.0
7fa2ddd3a000-7fa2ddd3b000 rw-p 0000a000 08:04 8655144                    /usr/lib/x86_64-linux-gnu/libXrandr.so.2.2.0
7fa2ddd3b000-7fa2dddab000 r-xp 00000000 08:04 13901406                   /usr/lib/liblwjgl64.so
7fa2dddab000-7fa2ddfab000 ---p 00070000 08:04 13901406                   /usr/lib/liblwjgl64.so
7fa2ddfab000-7fa2ddfad000 r--p 00070000 08:04 13901406                   /usr/lib/liblwjgl64.so
7fa2ddfad000-7fa2ddfae000 rw-p 00072000 08:04 13901406                   /usr/lib/liblwjgl64.so
7fa2ddfae000-7fa2ddfaf000 r-xp 00000000 08:04 8918249                    /usr/lib/jvm/java-8-oracle/jre/lib/amd64/libjawt.so
7fa2ddfaf000-7fa2de1ae000 ---p 00001000 08:04 8918249                    /usr/lib/jvm/java-8-oracle/jre/lib/amd64/libjawt.so
7fa2de1ae000-7fa2de1af000 rw-p 00000000 08:04 8918249                    /usr/lib/jvm/java-8-oracle/jre/lib/amd64/libjawt.so
7fa2de1af000-7fa2de1b2000 ---p 00000000 00:00 0 
7fa2de1b2000-7fa2de2b0000 rw-p 00000000 00:00 0 
7fa2de2b0000-7fa2de2b5000 r-xp 00000000 08:04 8655128                    /usr/lib/x86_64-linux-gnu/libXfixes.so.3.1.0
7fa2de2b5000-7fa2de4b4000 ---p 00005000 08:04 8655128                    /usr/lib/x86_64-linux-gnu/libXfixes.so.3.1.0
7fa2de4b4000-7fa2de4b5000 r--p 00004000 08:04 8655128                    /usr/lib/x86_64-linux-gnu/libXfixes.so.3.1.0
7fa2de4b5000-7fa2de4b6000 rw-p 00005000 08:04 8655128                    /usr/lib/x86_64-linux-gnu/libXfixes.so.3.1.0
7fa2de4b6000-7fa2de4bf000 r-xp 00000000 08:04 8655120                    /usr/lib/x86_64-linux-gnu/libXcursor.so.1.0.2
7fa2de4bf000-7fa2de6be000 ---p 00009000 08:04 8655120                    /usr/lib/x86_64-linux-gnu/libXcursor.so.1.0.2
7fa2de6be000-7fa2de6bf000 r--p 00008000 08:04 8655120                    /usr/lib/x86_64-linux-gnu/libXcursor.so.1.0.2
7fa2de6bf000-7fa2de6c0000 rw-p 00009000 08:04 8655120                    /usr/lib/x86_64-linux-gnu/libXcursor.so.1.0.2
7fa2de6c0000-7fa2de6d6000 r-xp 00000000 08:04 11801004                   /lib/x86_64-linux-gnu/libgcc_s.so.1
7fa2de6d6000-7fa2de8d5000 ---p 00016000 08:04 11801004                   /lib/x86_64-linux-gnu/libgcc_s.so.1
7fa2de8d5000-7fa2de8d6000 r--p 00015000 08:04 11801004                   /lib/x86_64-linux-gnu/libgcc_s.so.1
7fa2de8d6000-7fa2de8d7000 rw-p 00016000 08:04 11801004                   /lib/x86_64-linux-gnu/libgcc_s.so.1
7fa2de8d7000-7fa2de93c000 r-xp 00000000 08:04 8918222                    /usr/lib/jvm/java-8-oracle/jre/lib/amd64/libfontmanager.so
7fa2de93c000-7fa2deb3b000 ---p 00065000 08:04 8918222                    /usr/lib/jvm/java-8-oracle/jre/lib/amd64/libfontmanager.so
7fa2deb3b000-7fa2deb40000 rw-p 00064000 08:04 8918222                    /usr/lib/jvm/java-8-oracle/jre/lib/amd64/libfontmanager.so
7fa2deb40000-7fa2deb50000 rw-p 00000000 00:00 0 
7fa2deb50000-7fa2deb55000 r-xp 00000000 08:04 8655124                    /usr/lib/x86_64-linux-gnu/libXdmcp.so.6.0.0
7fa2deb55000-7fa2ded54000 ---p 00005000 08:04 8655124                    /usr/lib/x86_64-linux-gnu/libXdmcp.so.6.0.0
7fa2ded54000-7fa2ded55000 r--p 00004000 08:04 8655124                    /usr/lib/x86_64-linux-gnu/libXdmcp.so.6.0.0
7fa2ded55000-7fa2ded56000 rw-p 00005000 08:04 8655124                    /usr/lib/x86_64-linux-gnu/libXdmcp.so.6.0.0
7fa2ded56000-7fa2ded58000 r-xp 00000000 08:04 8655113                    /usr/lib/x86_64-linux-gnu/libXau.so.6.0.0
7fa2ded58000-7fa2def58000 ---p 00002000 08:04 8655113                    /usr/lib/x86_64-linux-gnu/libXau.so.6.0.0
7fa2def58000-7fa2def59000 r--p 00002000 08:04 8655113                    /usr/lib/x86_64-linux-gnu/libXau.so.6.0.0
7fa2def59000-7fa2def5a000 rw-p 00003000 08:04 8655113                    /usr/lib/x86_64-linux-gnu/libXau.so.6.0.0
7fa2def5a000-7fa2def7b000 r-xp 00000000 08:04 8656291                    /usr/lib/x86_64-linux-gnu/libxcb.so.1.1.0
7fa2def7b000-7fa2df17a000 ---p 00021000 08:04 8656291                    /usr/lib/x86_64-linux-gnu/libxcb.so.1.1.0
7fa2df17a000-7fa2df17b000 r--p 00020000 08:04 8656291                    /usr/lib/x86_64-linux-gnu/libxcb.so.1.1.0
7fa2df17b000-7fa2df17c000 rw-p 00021000 08:04 8656291                    /usr/lib/x86_64-linux-gnu/libxcb.so.1.1.0
7fa2df17c000-7fa2df18b000 r-xp 00000000 08:04 8655134                    /usr/lib/x86_64-linux-gnu/libXi.so.6.1.0
7fa2df18b000-7fa2df38a000 ---p 0000f000 08:04 8655134                    /usr/lib/x86_64-linux-gnu/libXi.so.6.1.0
7fa2df38a000-7fa2df38b000 r--p 0000e000 08:04 8655134                    /usr/lib/x86_64-linux-gnu/libXi.so.6.1.0
7fa2df38b000-7fa2df38c000 rw-p 0000f000 08:04 8655134                    /usr/lib/x86_64-linux-gnu/libXi.so.6.1.0
7fa2df38c000-7fa2df391000 r-xp 00000000 08:04 8655152                    /usr/lib/x86_64-linux-gnu/libXtst.so.6.1.0
7fa2df391000-7fa2df590000 ---p 00005000 08:04 8655152                    /usr/lib/x86_64-linux-gnu/libXtst.so.6.1.0
7fa2df590000-7fa2df591000 r--p 00004000 08:04 8655152                    /usr/lib/x86_64-linux-gnu/libXtst.so.6.1.0
7fa2df591000-7fa2df592000 rw-p 00005000 08:04 8655152                    /usr/lib/x86_64-linux-gnu/libXtst.so.6.1.0
7fa2df592000-7fa2df59b000 r-xp 00000000 08:04 8655146                    /usr/lib/x86_64-linux-gnu/libXrender.so.1.3.0
7fa2df59b000-7fa2df79a000 ---p 00009000 08:04 8655146                    /usr/lib/x86_64-linux-gnu/libXrender.so.1.3.0
7fa2df79a000-7fa2df79b000 r--p 00008000 08:04 8655146                    /usr/lib/x86_64-linux-gnu/libXrender.so.1.3.0
7fa2df79b000-7fa2df79c000 rw-p 00009000 08:04 8655146                    /usr/lib/x86_64-linux-gnu/libXrender.so.1.3.0
7fa2df79c000-7fa2df8d1000 r-xp 00000000 08:04 8655109                    /usr/lib/x86_64-linux-gnu/libX11.so.6.3.0
7fa2df8d1000-7fa2dfad0000 ---p 00135000 08:04 8655109                    /usr/lib/x86_64-linux-gnu/libX11.so.6.3.0
7fa2dfad0000-7fa2dfad1000 r--p 00134000 08:04 8655109                    /usr/lib/x86_64-linux-gnu/libX11.so.6.3.0
7fa2dfad1000-7fa2dfad5000 rw-p 00135000 08:04 8655109                    /usr/lib/x86_64-linux-gnu/libX11.so.6.3.0
7fa2dfad5000-7fa2dfb29000 r-xp 00000000 08:04 8918230                    /usr/lib/jvm/java-8-oracle/jre/lib/amd64/libawt_xawt.so
7fa2dfb29000-7fa2dfd29000 ---p 00054000 08:04 8918230                    /usr/lib/jvm/java-8-oracle/jre/lib/amd64/libawt_xawt.so
7fa2dfd29000-7fa2dfd2d000 rw-p 00054000 08:04 8918230                    /usr/lib/jvm/java-8-oracle/jre/lib/amd64/libawt_xawt.so
7fa2dfd2d000-7fa2dfd2e000 rw-p 00000000 00:00 0 
7fa2dfd2e000-7fa2dfdd0000 r-xp 00000000 08:04 8918257                    /usr/lib/jvm/java-8-oracle/jre/lib/amd64/libawt.so
7fa2dfdd0000-7fa2dffd0000 ---p 000a2000 08:04 8918257                    /usr/lib/jvm/java-8-oracle/jre/lib/amd64/libawt.so
7fa2dffd0000-7fa2dffdc000 rw-p 000a2000 08:04 8918257                    /usr/lib/jvm/java-8-oracle/jre/lib/amd64/libawt.so
7fa2dffdc000-7fa2e0000000 rw-p 00000000 00:00 0 
7fa2e0000000-7fa2e0021000 rw-p 00000000 00:00 0 
7fa2e0021000-7fa2e4000000 ---p 00000000 00:00 0 
7fa2e402c000-7fa2e40ac000 rw-s c18b2000 00:06 506                        /dev/nvidiactl
7fa2e40ac000-7fa2e40bf000 rw-s a2994000 00:06 506                        /dev/nvidiactl
7fa2e40bf000-7fa2e40ff000 rw-s 64880000 00:06 506                        /dev/nvidiactl
7fa2e40ff000-7fa2e4102000 ---p 00000000 00:00 0 
7fa2e4102000-7fa2e8000000 rw-p 00000000 00:00 0 
7fa2e8000000-7fa2e8021000 rw-p 00000000 00:00 0 
7fa2e8021000-7fa2ec000000 ---p 00000000 00:00 0 
7fa2ec00a000-7fa2ec01b000 r-xp 00000000 08:04 8655126                    /usr/lib/x86_64-linux-gnu/libXext.so.6.4.0
7fa2ec01b000-7fa2ec21a000 ---p 00011000 08:04 8655126                    /usr/lib/x86_64-linux-gnu/libXext.so.6.4.0
7fa2ec21a000-7fa2ec21b000 r--p 00010000 08:04 8655126                    /usr/lib/x86_64-linux-gnu/libXext.so.6.4.0
7fa2ec21b000-7fa2ec21c000 rw-p 00011000 08:04 8655126                    /usr/lib/x86_64-linux-gnu/libXext.so.6.4.0
7fa2ec21c000-7fa2ec21d000 ---p 00000000 00:00 0 
7fa2ec21d000-7fa2ec31d000 rw-p 00000000 00:00 0 
7fa2ec31d000-7fa2ec320000 ---p 00000000 00:00 0 
7fa2ec320000-7fa2ec41e000 rw-p 00000000 00:00 0 
7fa2ec41e000-7fa2ec421000 ---p 00000000 00:00 0 
7fa2ec421000-7fa2ec51f000 rw-p 00000000 00:00 0 
7fa2ec51f000-7fa2ec522000 ---p 00000000 00:00 0 
7fa2ec522000-7fa2ec620000 rw-p 00000000 00:00 0 
7fa2ec620000-7fa2ec623000 ---p 00000000 00:00 0 
7fa2ec623000-7fa2ec721000 rw-p 00000000 00:00 0 
7fa2ec721000-7fa2ec724000 ---p 00000000 00:00 0 
7fa2ec724000-7fa2ec822000 rw-p 00000000 00:00 0 
7fa2ec822000-7fa2ecafb000 r--p 00000000 08:04 8654986                    /usr/lib/locale/locale-archive
7fa2ecafb000-7fa2ecafe000 ---p 00000000 00:00 0 
7fa2ecafe000-7fa2ecbfc000 rw-p 00000000 00:00 0 
7fa2ecbfc000-7fa2ecbff000 ---p 00000000 00:00 0 
7fa2ecbff000-7fa2eccfd000 rw-p 00000000 00:00 0 
7fa2eccfd000-7fa2eccfe000 ---p 00000000 00:00 0 
7fa2eccfe000-7fa2ed000000 rw-p 00000000 00:00 0 
7fa2ed000000-7fa2ed270000 rwxp 00000000 00:00 0 
7fa2ed270000-7fa2fc000000 ---p 00000000 00:00 0 
7fa2fc000000-7fa2fca09000 rw-p 00000000 00:00 0 
7fa2fca09000-7fa300000000 ---p 00000000 00:00 0 
7fa300005000-7fa300007000 rw-s 00000000 08:04 15990969                   /tmp/.glAhMLS5 (deleted)
7fa300007000-7fa300027000 rw-s e0300000 00:06 507                        /dev/nvidia0
7fa300027000-7fa300047000 rw-s a34cc000 00:06 506                        /dev/nvidiactl
7fa300047000-7fa300057000 rw-s 00000000 08:04 13901394                   /home/maambmb/.glvndfj33kv (deleted)
7fa300057000-7fa300067000 r-xs 00000000 08:04 13901394                   /home/maambmb/.glvndfj33kv (deleted)
7fa300067000-7fa30006a000 ---p 00000000 00:00 0 
7fa30006a000-7fa300e80000 rw-p 00000000 00:00 0 
7fa300e80000-7fa301059000 r--s 03d3e000 08:04 8918195                    /usr/lib/jvm/java-8-oracle/jre/lib/rt.jar
7fa301059000-7fa30184f000 rw-p 00000000 00:00 0 
7fa30184f000-7fa3018cf000 ---p 00000000 00:00 0 
7fa3018cf000-7fa301caf000 rw-p 00000000 00:00 0 
7fa301caf000-7fa301cb0000 ---p 00000000 00:00 0 
7fa301cb0000-7fa301db0000 rw-p 00000000 00:00 0 
7fa301db0000-7fa301db1000 ---p 00000000 00:00 0 
7fa301db1000-7fa301eb1000 rw-p 00000000 00:00 0 
7fa301eb1000-7fa301eb2000 ---p 00000000 00:00 0 
7fa301eb2000-7fa301fb2000 rw-p 00000000 00:00 0 
7fa301fb2000-7fa301fb3000 ---p 00000000 00:00 0 
7fa301fb3000-7fa3020dd000 rw-p 00000000 00:00 0 
7fa3020dd000-7fa302349000 ---p 00000000 00:00 0 
7fa302349000-7fa302373000 rw-p 00000000 00:00 0 
7fa302373000-7fa3025de000 ---p 00000000 00:00 0 
7fa3025de000-7fa3025f3000 rw-p 00000000 00:00 0 
7fa3025f3000-7fa302729000 ---p 00000000 00:00 0 
7fa302729000-7fa302734000 rw-p 00000000 00:00 0 
7fa302734000-7fa302aea000 ---p 00000000 00:00 0 
7fa302aea000-7fa302b04000 r-xp 00000000 08:04 8918226                    /usr/lib/jvm/java-8-oracle/jre/lib/amd64/libzip.so
7fa302b04000-7fa302d04000 ---p 0001a000 08:04 8918226                    /usr/lib/jvm/java-8-oracle/jre/lib/amd64/libzip.so
7fa302d04000-7fa302d05000 rw-p 0001a000 08:04 8918226                    /usr/lib/jvm/java-8-oracle/jre/lib/amd64/libzip.so
7fa302d05000-7fa302d10000 r-xp 00000000 08:04 11796525                   /lib/x86_64-linux-gnu/libnss_files-2.24.so
7fa302d10000-7fa302f0f000 ---p 0000b000 08:04 11796525                   /lib/x86_64-linux-gnu/libnss_files-2.24.so
7fa302f0f000-7fa302f10000 r--p 0000a000 08:04 11796525                   /lib/x86_64-linux-gnu/libnss_files-2.24.so
7fa302f10000-7fa302f11000 rw-p 0000b000 08:04 11796525                   /lib/x86_64-linux-gnu/libnss_files-2.24.so
7fa302f11000-7fa302f17000 rw-p 00000000 00:00 0 
7fa302f17000-7fa302f22000 r-xp 00000000 08:04 11796527                   /lib/x86_64-linux-gnu/libnss_nis-2.24.so
7fa302f22000-7fa303121000 ---p 0000b000 08:04 11796527                   /lib/x86_64-linux-gnu/libnss_nis-2.24.so
7fa303121000-7fa303122000 r--p 0000a000 08:04 11796527                   /lib/x86_64-linux-gnu/libnss_nis-2.24.so
7fa303122000-7fa303123000 rw-p 0000b000 08:04 11796527                   /lib/x86_64-linux-gnu/libnss_nis-2.24.so
7fa303123000-7fa303139000 r-xp 00000000 08:04 11796522                   /lib/x86_64-linux-gnu/libnsl-2.24.so
7fa303139000-7fa303338000 ---p 00016000 08:04 11796522                   /lib/x86_64-linux-gnu/libnsl-2.24.so
7fa303338000-7fa303339000 r--p 00015000 08:04 11796522                   /lib/x86_64-linux-gnu/libnsl-2.24.so
7fa303339000-7fa30333a000 rw-p 00016000 08:04 11796522                   /lib/x86_64-linux-gnu/libnsl-2.24.so
7fa30333a000-7fa30333c000 rw-p 00000000 00:00 0 
7fa30333c000-7fa303344000 r-xp 00000000 08:04 11796523                   /lib/x86_64-linux-gnu/libnss_compat-2.24.so
7fa303344000-7fa303543000 ---p 00008000 08:04 11796523                   /lib/x86_64-linux-gnu/libnss_compat-2.24.so
7fa303543000-7fa303544000 r--p 00007000 08:04 11796523                   /lib/x86_64-linux-gnu/libnss_compat-2.24.so
7fa303544000-7fa303545000 rw-p 00008000 08:04 11796523                   /lib/x86_64-linux-gnu/libnss_compat-2.24.so
7fa303545000-7fa303570000 r-xp 00000000 08:04 8918251                    /usr/lib/jvm/java-8-oracle/jre/lib/amd64/libjava.so
7fa303570000-7fa30376f000 ---p 0002b000 08:04 8918251                    /usr/lib/jvm/java-8-oracle/jre/lib/amd64/libjava.so
7fa30376f000-7fa303771000 rw-p 0002a000 08:04 8918251                    /usr/lib/jvm/java-8-oracle/jre/lib/amd64/libjava.so
7fa303771000-7fa30377e000 r-xp 00000000 08:04 8918204                    /usr/lib/jvm/java-8-oracle/jre/lib/amd64/libverify.so
7fa30377e000-7fa30397d000 ---p 0000d000 08:04 8918204                    /usr/lib/jvm/java-8-oracle/jre/lib/amd64/libverify.so
7fa30397d000-7fa30397f000 rw-p 0000c000 08:04 8918204                    /usr/lib/jvm/java-8-oracle/jre/lib/amd64/libverify.so
7fa30397f000-7fa303986000 r-xp 00000000 08:04 11801078                   /lib/x86_64-linux-gnu/librt-2.24.so
7fa303986000-7fa303b85000 ---p 00007000 08:04 11801078                   /lib/x86_64-linux-gnu/librt-2.24.so
7fa303b85000-7fa303b86000 r--p 00006000 08:04 11801078                   /lib/x86_64-linux-gnu/librt-2.24.so
7fa303b86000-7fa303b87000 rw-p 00007000 08:04 11801078                   /lib/x86_64-linux-gnu/librt-2.24.so
7fa303b87000-7fa303c8f000 r-xp 00000000 08:04 11796519                   /lib/x86_64-linux-gnu/libm-2.24.so
7fa303c8f000-7fa303e8e000 ---p 00108000 08:04 11796519                   /lib/x86_64-linux-gnu/libm-2.24.so
7fa303e8e000-7fa303e8f000 r--p 00107000 08:04 11796519                   /lib/x86_64-linux-gnu/libm-2.24.so
7fa303e8f000-7fa303e90000 rw-p 00108000 08:04 11796519                   /lib/x86_64-linux-gnu/libm-2.24.so
7fa303e90000-7fa304b5e000 r-xp 00000000 08:04 9050715                    /usr/lib/jvm/java-8-oracle/jre/lib/amd64/server/libjvm.so
7fa304b5e000-7fa304d5e000 ---p 00cce000 08:04 9050715                    /usr/lib/jvm/java-8-oracle/jre/lib/amd64/server/libjvm.so
7fa304d5e000-7fa304e37000 rw-p 00cce000 08:04 9050715                    /usr/lib/jvm/java-8-oracle/jre/lib/amd64/server/libjvm.so
7fa304e37000-7fa304e82000 rw-p 00000000 00:00 0 
7fa304e82000-7fa30503f000 r-xp 00000000 08:04 11796515                   /lib/x86_64-linux-gnu/libc-2.24.so
7fa30503f000-7fa30523f000 ---p 001bd000 08:04 11796515                   /lib/x86_64-linux-gnu/libc-2.24.so
7fa30523f000-7fa305243000 r--p 001bd000 08:04 11796515                   /lib/x86_64-linux-gnu/libc-2.24.so
7fa305243000-7fa305245000 rw-p 001c1000 08:04 11796515                   /lib/x86_64-linux-gnu/libc-2.24.so
7fa305245000-7fa305249000 rw-p 00000000 00:00 0 
7fa305249000-7fa30524c000 r-xp 00000000 08:04 11796518                   /lib/x86_64-linux-gnu/libdl-2.24.so
7fa30524c000-7fa30544b000 ---p 00003000 08:04 11796518                   /lib/x86_64-linux-gnu/libdl-2.24.so
7fa30544b000-7fa30544c000 r--p 00002000 08:04 11796518                   /lib/x86_64-linux-gnu/libdl-2.24.so
7fa30544c000-7fa30544d000 rw-p 00003000 08:04 11796518                   /lib/x86_64-linux-gnu/libdl-2.24.so
7fa30544d000-7fa305462000 r-xp 00000000 08:04 8660528                    /usr/lib/jvm/java-8-oracle/lib/amd64/jli/libjli.so
7fa305462000-7fa305662000 ---p 00015000 08:04 8660528                    /usr/lib/jvm/java-8-oracle/lib/amd64/jli/libjli.so
7fa305662000-7fa305663000 rw-p 00015000 08:04 8660528                    /usr/lib/jvm/java-8-oracle/lib/amd64/jli/libjli.so
7fa305663000-7fa30567b000 r-xp 00000000 08:04 11796530                   /lib/x86_64-linux-gnu/libpthread-2.24.so
7fa30567b000-7fa30587b000 ---p 00018000 08:04 11796530                   /lib/x86_64-linux-gnu/libpthread-2.24.so
7fa30587b000-7fa30587c000 r--p 00018000 08:04 11796530                   /lib/x86_64-linux-gnu/libpthread-2.24.so
7fa30587c000-7fa30587d000 rw-p 00019000 08:04 11796530                   /lib/x86_64-linux-gnu/libpthread-2.24.so
7fa30587d000-7fa305881000 rw-p 00000000 00:00 0 
7fa305881000-7fa3058a6000 r-xp 00000000 08:04 11796484                   /lib/x86_64-linux-gnu/ld-2.24.so
7fa3058a7000-7fa3058a8000 rw-s a2b10000 00:06 506                        /dev/nvidiactl
7fa3058a8000-7fa3058ac000 rw-s a9bb7000 00:06 506                        /dev/nvidiactl
7fa3058ac000-7fa3058ad000 rw-s e7f6c000 00:06 507                        /dev/nvidia0
7fa3058ad000-7fa3058ae000 rw-s 72d80000 00:06 506                        /dev/nvidiactl
7fa3058ae000-7fa3058af000 rw-s f4060000 00:06 507                        /dev/nvidia0
7fa3058af000-7fa3058b0000 r--p 00000000 08:04 9441535                    /usr/share/locale-langpack/en_GB/LC_MESSAGES/libc.mo
7fa3058b0000-7fa3058be000 r--s 000f2000 08:04 14811681                   /opt/lwjgl/lwjgl.jar
7fa3058be000-7fa305989000 rw-p 00000000 00:00 0 
7fa305989000-7fa30598c000 ---p 00000000 00:00 0 
7fa30598c000-7fa305a8c000 rw-p 00000000 00:00 0 
7fa305a8c000-7fa305a8f000 r--s 00017000 08:04 14811692                   /opt/lwjgl/slick-util.jar
7fa305a8f000-7fa305a93000 r--s 00027000 08:04 14811694                   /opt/lwjgl/lwjgl_util.jar
7fa305a93000-7fa305a98000 r--s 002f9000 08:04 8918191                    /usr/lib/jvm/java-8-oracle/jre/lib/charsets.jar
7fa305a98000-7fa305aa0000 rw-s 00000000 08:04 15990968                   /tmp/hsperfdata_maambmb/21731
7fa305aa0000-7fa305aa1000 rw-p 00000000 00:00 0 
7fa305aa1000-7fa305aa2000 r--p 00000000 00:00 0 
7fa305aa2000-7fa305aa5000 rw-p 00000000 00:00 0 
7fa305aa5000-7fa305aa6000 r--p 00024000 08:04 11796484                   /lib/x86_64-linux-gnu/ld-2.24.so
7fa305aa6000-7fa305aa7000 rw-p 00025000 08:04 11796484                   /lib/x86_64-linux-gnu/ld-2.24.so
7fa305aa7000-7fa305aa8000 rw-p 00000000 00:00 0 
7ffc25327000-7ffc25348000 rw-p 00000000 00:00 0                          [stack]
7ffc253d3000-7ffc253d5000 r--p 00000000 00:00 0                          [vvar]
7ffc253d5000-7ffc253d7000 r-xp 00000000 00:00 0                          [vdso]
ffffffffff600000-ffffffffff601000 r-xp 00000000 00:00 0                  [vsyscall]

VM Arguments:
jvm_args: -Dfile.encoding=UTF-8 
java_command: game.Game
java_class_path (initial): /home/maambmb/Projects/Java/fi/bin:/opt/lwjgl/lwjgl.jar:/opt/lwjgl/lwjgl_util.jar:/opt/lwjgl/slick-util.jar
Launcher Type: SUN_STANDARD

Environment Variables:
JAVA_HOME=/usr/lib/jvm/java-8-oracle
PATH=/home/maambmb/bin:/home/maambmb/.local/bin:/usr/local/sbin:/usr/local/bin:/usr/sbin:/usr/bin:/sbin:/bin:/usr/games:/usr/local/games:/snap/bin:/usr/lib/jvm/java-8-oracle/bin:/usr/lib/jvm/java-8-oracle/db/bin:/usr/lib/jvm/java-8-oracle/jre/bin
SHELL=/bin/bash
DISPLAY=:0.0

Signal Handlers:
SIGSEGV: [libjvm.so+0xac78c0], sa_mask[0]=11111111011111111101111111111110, sa_flags=SA_RESTART|SA_SIGINFO
SIGBUS: [libjvm.so+0xac78c0], sa_mask[0]=11111111011111111101111111111110, sa_flags=SA_RESTART|SA_SIGINFO
SIGFPE: [libjvm.so+0x920ac0], sa_mask[0]=11111111011111111101111111111110, sa_flags=SA_RESTART|SA_SIGINFO
SIGPIPE: [libjvm.so+0x920ac0], sa_mask[0]=11111111011111111101111111111110, sa_flags=SA_RESTART|SA_SIGINFO
SIGXFSZ: [libjvm.so+0x920ac0], sa_mask[0]=11111111011111111101111111111110, sa_flags=SA_RESTART|SA_SIGINFO
SIGILL: [libjvm.so+0x920ac0], sa_mask[0]=11111111011111111101111111111110, sa_flags=SA_RESTART|SA_SIGINFO
SIGUSR1: SIG_DFL, sa_mask[0]=00000000000000000000000000000000, sa_flags=none
SIGUSR2: [libjvm.so+0x922300], sa_mask[0]=00100000000000000000000000000000, sa_flags=SA_RESTART|SA_SIGINFO
SIGHUP: [libjvm.so+0x923700], sa_mask[0]=11111111011111111101111111111110, sa_flags=SA_RESTART|SA_SIGINFO
SIGINT: [libjvm.so+0x923700], sa_mask[0]=11111111011111111101111111111110, sa_flags=SA_RESTART|SA_SIGINFO
SIGTERM: [libjvm.so+0x923700], sa_mask[0]=11111111011111111101111111111110, sa_flags=SA_RESTART|SA_SIGINFO
SIGQUIT: [libjvm.so+0x923700], sa_mask[0]=11111111011111111101111111111110, sa_flags=SA_RESTART|SA_SIGINFO


---------------  S Y S T E M  ---------------

OS:DISTRIB_ID=Ubuntu
DISTRIB_RELEASE=16.10
DISTRIB_CODENAME=yakkety
DISTRIB_DESCRIPTION="Ubuntu 16.10"

uname:Linux 4.8.0-37-generic #39-Ubuntu SMP Thu Jan 26 02:27:07 UTC 2017 x86_64
libc:glibc 2.24 NPTL 2.24 
rlimit: STACK 8192k, CORE 0k, NPROC 31518, NOFILE 65536, AS infinity
load average:2.89 2.06 1.74

/proc/meminfo:
MemTotal:        8118504 kB
MemFree:         2044888 kB
MemAvailable:    3520004 kB
Buffers:          110340 kB
Cached:          1974384 kB
SwapCached:            0 kB
Active:          4273516 kB
Inactive:        1434128 kB
Active(anon):    3633868 kB
Inactive(anon):   422960 kB
Active(file):     639648 kB
Inactive(file):  1011168 kB
Unevictable:          32 kB
Mlocked:              32 kB
SwapTotal:       9764860 kB
SwapFree:        9764860 kB
Dirty:             11048 kB
Writeback:             0 kB
AnonPages:       3390424 kB
Mapped:           902188 kB
Shmem:            433912 kB
Slab:             133552 kB
SReclaimable:      87372 kB
SUnreclaim:        46180 kB
KernelStack:       12944 kB
PageTables:        59628 kB
NFS_Unstable:          0 kB
Bounce:                0 kB
WritebackTmp:          0 kB
CommitLimit:    13824112 kB
Committed_AS:   10463260 kB
VmallocTotal:   34359738367 kB
VmallocUsed:           0 kB
VmallocChunk:          0 kB
HardwareCorrupted:     0 kB
AnonHugePages:    657408 kB
ShmemHugePages:        0 kB
ShmemPmdMapped:        0 kB
CmaTotal:              0 kB
CmaFree:               0 kB
HugePages_Total:       0
HugePages_Free:        0
HugePages_Rsvd:        0
HugePages_Surp:        0
Hugepagesize:       2048 kB
DirectMap4k:      375960 kB
DirectMap2M:     7956480 kB


CPU:total 4 (4 cores per cpu, 1 threads per core) family 6 model 58 stepping 9, cmov, cx8, fxsr, mmx, sse, sse2, sse3, ssse3, sse4.1, sse4.2, popcnt, avx, aes, clmul, erms, tsc, tscinvbit, tscinv

/proc/cpuinfo:
processor	: 0
vendor_id	: GenuineIntel
cpu family	: 6
model		: 58
model name	: Intel(R) Core(TM) i5-3570K CPU @ 3.40GHz
stepping	: 9
microcode	: 0x17
cpu MHz		: 3632.629
cache size	: 6144 KB
physical id	: 0
siblings	: 4
core id		: 0
cpu cores	: 4
apicid		: 0
initial apicid	: 0
fpu		: yes
fpu_exception	: yes
cpuid level	: 13
wp		: yes
flags		: fpu vme de pse tsc msr pae mce cx8 apic sep mtrr pge mca cmov pat pse36 clflush dts acpi mmx fxsr sse sse2 ss ht tm pbe syscall nx rdtscp lm constant_tsc arch_perfmon pebs bts rep_good nopl xtopology nonstop_tsc aperfmperf eagerfpu pni pclmulqdq dtes64 monitor ds_cpl vmx est tm2 ssse3 cx16 xtpr pdcm pcid sse4_1 sse4_2 popcnt tsc_deadline_timer aes xsave avx f16c rdrand lahf_lm epb tpr_shadow vnmi flexpriority ept vpid fsgsbase smep erms xsaveopt dtherm ida arat pln pts
bugs		:
bogomips	: 6820.04
clflush size	: 64
cache_alignment	: 64
address sizes	: 36 bits physical, 48 bits virtual
power management:

processor	: 1
vendor_id	: GenuineIntel
cpu family	: 6
model		: 58
model name	: Intel(R) Core(TM) i5-3570K CPU @ 3.40GHz
stepping	: 9
microcode	: 0x17
cpu MHz		: 3625.366
cache size	: 6144 KB
physical id	: 0
siblings	: 4
core id		: 1
cpu cores	: 4
apicid		: 2
initial apicid	: 2
fpu		: yes
fpu_exception	: yes
cpuid level	: 13
wp		: yes
flags		: fpu vme de pse tsc msr pae mce cx8 apic sep mtrr pge mca cmov pat pse36 clflush dts acpi mmx fxsr sse sse2 ss ht tm pbe syscall nx rdtscp lm constant_tsc arch_perfmon pebs bts rep_good nopl xtopology nonstop_tsc aperfmperf eagerfpu pni pclmulqdq dtes64 monitor ds_cpl vmx est tm2 ssse3 cx16 xtpr pdcm pcid sse4_1 sse4_2 popcnt tsc_deadline_timer aes xsave avx f16c rdrand lahf_lm epb tpr_shadow vnmi flexpriority ept vpid fsgsbase smep erms xsaveopt dtherm ida arat pln pts
bugs		:
bogomips	: 6820.04
clflush size	: 64
cache_alignment	: 64
address sizes	: 36 bits physical, 48 bits virtual
power management:

processor	: 2
vendor_id	: GenuineIntel
cpu family	: 6
model		: 58
model name	: Intel(R) Core(TM) i5-3570K CPU @ 3.40GHz
stepping	: 9
microcode	: 0x17
cpu MHz		: 3659.191
cache size	: 6144 KB
physical id	: 0
siblings	: 4
core id		: 2
cpu cores	: 4
apicid		: 4
initial apicid	: 4
fpu		: yes
fpu_exception	: yes
cpuid level	: 13
wp		: yes
flags		: fpu vme de pse tsc msr pae mce cx8 apic sep mtrr pge mca cmov pat pse36 clflush dts acpi mmx fxsr sse sse2 ss ht tm pbe syscall nx rdtscp lm constant_tsc arch_perfmon pebs bts rep_good nopl xtopology nonstop_tsc aperfmperf eagerfpu pni pclmulqdq dtes64 monitor ds_cpl vmx est tm2 ssse3 cx16 xtpr pdcm pcid sse4_1 sse4_2 popcnt tsc_deadline_timer aes xsave avx f16c rdrand lahf_lm epb tpr_shadow vnmi flexpriority ept vpid fsgsbase smep erms xsaveopt dtherm ida arat pln pts
bugs		:
bogomips	: 6820.04
clflush size	: 64
cache_alignment	: 64
address sizes	: 36 bits physical, 48 bits virtual
power management:

processor	: 3
vendor_id	: GenuineIntel
cpu family	: 6
model		: 58
model name	: Intel(R) Core(TM) i5-3570K CPU @ 3.40GHz
stepping	: 9
microcode	: 0x17
cpu MHz		: 3603.576
cache size	: 6144 KB
physical id	: 0
siblings	: 4
core id		: 3
cpu cores	: 4
apicid		: 6
initial apicid	: 6
fpu		: yes
fpu_exception	: yes
cpuid level	: 13
wp		: yes
flags		: fpu vme de pse tsc msr pae mce cx8 apic sep mtrr pge mca cmov pat pse36 clflush dts acpi mmx fxsr sse sse2 ss ht tm pbe syscall nx rdtscp lm constant_tsc arch_perfmon pebs bts rep_good nopl xtopology nonstop_tsc aperfmperf eagerfpu pni pclmulqdq dtes64 monitor ds_cpl vmx est tm2 ssse3 cx16 xtpr pdcm pcid sse4_1 sse4_2 popcnt tsc_deadline_timer aes xsave avx f16c rdrand lahf_lm epb tpr_shadow vnmi flexpriority ept vpid fsgsbase smep erms xsaveopt dtherm ida arat pln pts
bugs		:
bogomips	: 6820.04
clflush size	: 64
cache_alignment	: 64
address sizes	: 36 bits physical, 48 bits virtual
power management:



Memory: 4k page, physical 8118504k(2044888k free), swap 9764860k(9764860k free)

vm_info: Java HotSpot(TM) 64-Bit Server VM (25.121-b13) for linux-amd64 JRE (1.8.0_121-b13), built on Dec 12 2016 16:36:53 by "java_re" with gcc 4.3.0 20080428 (Red Hat 4.3.0-8)

time: Fri Feb  3 23:01:31 2017
elapsed time: 0 seconds (0d 0h 0m 0s)

