#
# A fatal error has been detected by the Java Runtime Environment:
#
#  SIGSEGV (0xb) at pc=0x00007f3205fec818, pid=21646, tid=0x00007f3263959700
#
# JRE version: Java(TM) SE Runtime Environment (8.0_121-b13) (build 1.8.0_121-b13)
# Java VM: Java HotSpot(TM) 64-Bit Server VM (25.121-b13 mixed mode linux-amd64 compressed oops)
# Problematic frame:
# C  [libnvidia-glcore.so.367.57+0x10e3818]
#
# Failed to write core dump. Core dumps have been disabled. To enable core dumping, try "ulimit -c unlimited" before starting Java again
#
# If you would like to submit a bug report, please visit:
#   http://bugreport.java.com/bugreport/crash.jsp
# The crash happened outside the Java Virtual Machine in native code.
# See problematic frame for where to report the bug.
#

---------------  T H R E A D  ---------------

Current thread (0x00007f325c009800):  JavaThread "main" [_thread_in_native, id=21647, stack(0x00007f3263859000,0x00007f326395a000)]

siginfo: si_signo: 11 (SIGSEGV), si_code: 1 (SEGV_MAPERR), si_addr: 0x0000000000000000

Registers:
RAX=0x0000000000000018, RBX=0x00007f325c21d3e8, RCX=0x0000000000000018, RDX=0x0000000000000004
RSP=0x00007f3263957f88, RBP=0x00007f325c538e10, RSI=0x0000000000000000, RDI=0x00007f3204909a54
R8 =0x00007f3204909a54, R9 =0x0000000000000018, R10=0x0000000000000000, R11=0x0000000000000000
R12=0x00007f325c21d9f0, R13=0x00007f325c331a30, R14=0x00007f325c331a20, R15=0x00007f3204df4b3c
RIP=0x00007f3205fec818, EFLAGS=0x0000000000010246, CSGSFS=0x002b000000000033, ERR=0x0000000000000004
  TRAPNO=0x000000000000000e

Top of Stack: (sp=0x00007f3263957f88)
0x00007f3263957f88:   00007f32060b0ed3 00007f325c21d7a8
0x00007f3263957f98:   0000000000000010 000000000000001f
0x00007f3263957fa8:   000000000021d7a8 0000000000000018
0x00007f3263957fb8:   00000000412ed000 00007f3204909a54
0x00007f3263957fc8:   00007f3205fec810 0000000006aa4b74
0x00007f3263957fd8:   00007f325c21d3e8 00007f3200000000
0x00007f3263957fe8:   00007f3205b86f8e 00007f325c7538f0
0x00007f3263957ff8:   0000001f05f0c904 0000000300000002
0x00007f3263958008:   00007f325c21d748 00007f325c5d56d8
0x00007f3263958018:   0000000000000002 0000000001041083
0x00007f3263958028:   10c0000000000000 0000000001041083
0x00007f3263958038:   10c0000000000000 0000002000000020
0x00007f3263958048:   00007f325c331a30 00000000412ed000
0x00007f3263958058:   00007f325c21d9f0 00007f325c331a30
0x00007f3263958068:   00007f325c331a20 000000004133df88
0x00007f3263958078:   00007f32060b5624 00007f326395814c
0x00007f3263958088:   00007f3263958148 0000140501041083
0x00007f3263958098:   ffffffff00000024 0000000400000000
0x00007f32639580a8:   00000000412ed1f8 00007f325c538e10
0x00007f32639580b8:   00007f32060db265 00000000412ed001
0x00007f32639580c8:   00007f3263959700 0000000001041083
0x00007f32639580d8:   00c0000000000000 000000000000001c
0x00007f32639580e8:   0000000405f10072 0000000000000010
0x00007f32639580f8:   0000000000c00000 00007f325c331a30
0x00007f3263958108:   0000000000000000 0000000000000000
0x00007f3263958118:   0000000001041083 00000000412ed001
0x00007f3263958128:   00007f3263959700 0000000001041083
0x00007f3263958138:   00c0000000000000 0000000001041083
0x00007f3263958148:   0000000000000018 00c0000000000000
0x00007f3263958158:   00007f325c538e10 00007f325c331a30
0x00007f3263958168:   00007f325c331a20 00000000412ed000
0x00007f3263958178:   00007f325c21d3e8 0000000000000000 

Instructions: (pc=0x00007f3205fec818)
0x00007f3205fec7f8:   0c 48 83 c0 10 41 ff c8 75 ce 8d 41 ff 48 c1 e0
0x00007f3205fec808:   04 48 8d 44 07 10 c3 90 48 63 d2 49 89 f8 89 c8
0x00007f3205fec818:   f3 0f 2a 06 48 01 d6 f3 41 0f 11 00 49 83 c0 04
0x00007f3205fec828:   ff c8 75 ec 8d 41 ff 48 8d 44 87 04 c3 90 90 90 

Register to memory mapping:

RAX=0x0000000000000018 is an unknown value
RBX=0x00007f325c21d3e8 is an unknown value
RCX=0x0000000000000018 is an unknown value
RDX=0x0000000000000004 is an unknown value
RSP=0x00007f3263957f88 is pointing into the stack for thread: 0x00007f325c009800
RBP=0x00007f325c538e10 is an unknown value
RSI=0x0000000000000000 is an unknown value
RDI=0x00007f3204909a54 is an unknown value
R8 =0x00007f3204909a54 is an unknown value
R9 =0x0000000000000018 is an unknown value
R10=0x0000000000000000 is an unknown value
R11=0x0000000000000000 is an unknown value
R12=0x00007f325c21d9f0 is an unknown value
R13=0x00007f325c331a30 is an unknown value
R14=0x00007f325c331a20 is an unknown value
R15=0x00007f3204df4b3c is an unknown value


Stack: [0x00007f3263859000,0x00007f326395a000],  sp=0x00007f3263957f88,  free space=1019k
Native frames: (J=compiled Java code, j=interpreted, Vv=VM code, C=native code)
C  [libnvidia-glcore.so.367.57+0x10e3818]

Java frames: (J=compiled Java code, j=interpreted, Vv=VM code)
j  org.lwjgl.opengl.GL11.nglDrawElementsBO(IIIJJ)V+0
j  org.lwjgl.opengl.GL11.glDrawElements(IIIJ)V+28
j  game.gfx.Model.render()V+73
j  game.component.ModelRenderComponent.shaderRender(Lgame/gfx/shader/Shader;)V+22
j  game.component.ModelBlockRenderComponent.render(Lgame/gfx/shader/BlockShader$BlockShaderRenderMessage;)V+4
j  game.component.ModelBlockRenderComponent$$Lambda$18.run(Ljava/lang/Object;)V+8
j  game.Listener.lambda$0(Lutil/Lambda$ActionUnary;Ljava/lang/Class;Ljava/lang/Object;)V+6
j  game.Listener$$Lambda$13.run(Ljava/lang/Object;)V+9
j  game.Listener.listen(Ljava/lang/Object;)V+97
j  game.Listener.listen(Ljava/lang/Object;)V+30
j  game.Game.run()V+114
j  game.Game.main([Ljava/lang/String;)V+9
v  ~StubRoutines::call_stub

---------------  P R O C E S S  ---------------

Java Threads: ( => current thread )
  0x00007f325c218800 JavaThread "process reaper" daemon [_thread_blocked, id=21668, stack(0x00007f3207943000,0x00007f320797c000)]
  0x00007f325c212800 JavaThread "AWT-XAWT" daemon [_thread_in_native, id=21666, stack(0x00007f3244211000,0x00007f3244312000)]
  0x00007f325c1f0800 JavaThread "Java2D Disposer" daemon [_thread_blocked, id=21665, stack(0x00007f3244722000,0x00007f3244823000)]
  0x00007f325c0c0000 JavaThread "Service Thread" daemon [_thread_blocked, id=21663, stack(0x00007f3246476000,0x00007f3246577000)]
  0x00007f325c0bd800 JavaThread "C1 CompilerThread2" daemon [_thread_blocked, id=21662, stack(0x00007f3246577000,0x00007f3246678000)]
  0x00007f325c0bb800 JavaThread "C2 CompilerThread1" daemon [_thread_in_native, id=21661, stack(0x00007f3246678000,0x00007f3246779000)]
  0x00007f325c0b8800 JavaThread "C2 CompilerThread0" daemon [_thread_blocked, id=21660, stack(0x00007f3246779000,0x00007f324687a000)]
  0x00007f325c0b7000 JavaThread "Signal Dispatcher" daemon [_thread_blocked, id=21659, stack(0x00007f324687a000,0x00007f324697b000)]
  0x00007f325c084000 JavaThread "Finalizer" daemon [_thread_blocked, id=21654, stack(0x00007f3246c54000,0x00007f3246d55000)]
  0x00007f325c07f000 JavaThread "Reference Handler" daemon [_thread_blocked, id=21653, stack(0x00007f3246d55000,0x00007f3246e56000)]
=>0x00007f325c009800 JavaThread "main" [_thread_in_native, id=21647, stack(0x00007f3263859000,0x00007f326395a000)]

Other Threads:
  0x00007f325c077800 VMThread [stack: 0x00007f3246e56000,0x00007f3246f57000] [id=21652]
  0x00007f325c0c3000 WatcherThread [stack: 0x00007f3246375000,0x00007f3246476000] [id=21664]

VM state:not at safepoint (normal execution)

VM Mutex/Monitor currently owned by a thread: None

Heap:
 PSYoungGen      total 36864K, used 13576K [0x00000000d6b00000, 0x00000000d9400000, 0x0000000100000000)
  eden space 31744K, 42% used [0x00000000d6b00000,0x00000000d78422b8,0x00000000d8a00000)
  from space 5120K, 0% used [0x00000000d8f00000,0x00000000d8f00000,0x00000000d9400000)
  to   space 5120K, 0% used [0x00000000d8a00000,0x00000000d8a00000,0x00000000d8f00000)
 ParOldGen       total 84992K, used 0K [0x0000000084000000, 0x0000000089300000, 0x00000000d6b00000)
  object space 84992K, 0% used [0x0000000084000000,0x0000000084000000,0x0000000089300000)
 Metaspace       used 8314K, capacity 8575K, committed 8704K, reserved 1056768K
  class space    used 843K, capacity 916K, committed 1024K, reserved 1048576K

Card table byte_map: [0x00007f3260219000,0x00007f32605fa000] byte_map_base: 0x00007f325fdf9000

Marking Bits: (ParMarkBitMap*) 0x00007f3262d24c80
 Begin Bits: [0x00007f3248d68000, 0x00007f324ac68000)
 End Bits:   [0x00007f324ac68000, 0x00007f324cb68000)

Polling page: 0x00007f3263971000

CodeCache: size=245760Kb used=2284Kb max_used=2284Kb free=243475Kb
 bounds [0x00007f324d000000, 0x00007f324d270000, 0x00007f325c000000]
 total_blobs=1071 nmethods=541 adapters=444
 compilation: enabled

Compilation events (10 events):
Event: 0.749 Thread 0x00007f325c0b8800 nmethod 535 0x00007f324d23bb90 code [0x00007f324d23bd00, 0x00007f324d23be88]
Event: 0.749 Thread 0x00007f325c0bd800 nmethod 539 0x00007f324d23a390 code [0x00007f324d23a5e0, 0x00007f324d23b348]
Event: 0.749 Thread 0x00007f325c0bd800  540       3       java.lang.invoke.DirectMethodHandle::internalMemberName (8 bytes)
Event: 0.749 Thread 0x00007f325c0bd800 nmethod 540 0x00007f324d239f50 code [0x00007f324d23a0c0, 0x00007f324d23a2f0]
Event: 0.749 Thread 0x00007f325c0bd800  541       1       java.util.zip.ZipCoder::isUTF8 (5 bytes)
Event: 0.749 Thread 0x00007f325c0bd800 nmethod 541 0x00007f324d239c90 code [0x00007f324d239de0, 0x00007f324d239ef0]
Event: 0.749 Thread 0x00007f325c0bd800  542       1       sun.misc.URLClassPath$JarLoader::access$600 (5 bytes)
Event: 0.749 Thread 0x00007f325c0bd800 nmethod 542 0x00007f324d2399d0 code [0x00007f324d239b20, 0x00007f324d239c10]
Event: 0.755 Thread 0x00007f325c0bd800  543       3       java.lang.ref.WeakReference::<init> (7 bytes)
Event: 0.755 Thread 0x00007f325c0bd800 nmethod 543 0x00007f324d2394d0 code [0x00007f324d239640, 0x00007f324d2398f0]

GC Heap History (0 events):
No events

Deoptimization events (1 events):
Event: 0.230 Thread 0x00007f325c009800 Uncommon trap: reason=unstable_if action=reinterpret pc=0x00007f324d1901d4 method=java.lang.String.replace(CC)Ljava/lang/String; @ 26

Internal exceptions (10 events):
Event: 0.025 Thread 0x00007f325c009800 Exception <a 'java/lang/NoSuchMethodError': Method sun.misc.Unsafe.prefetchRead(Ljava/lang/Object;J)V name or signature does not match> (0x00000000d6b07f90) thrown at [/HUDSON3/workspace/8-2-build-linux-amd64/jdk8u121/8372/hotspot/src/share/vm/prims/jni.c
Event: 0.094 Thread 0x00007f325c009800 Exception <a 'java/security/PrivilegedActionException'> (0x00000000d6cbb770) thrown at [/HUDSON3/workspace/8-2-build-linux-amd64/jdk8u121/8372/hotspot/src/share/vm/prims/jvm.cpp, line 1390]
Event: 0.094 Thread 0x00007f325c009800 Exception <a 'java/security/PrivilegedActionException'> (0x00000000d6cbb980) thrown at [/HUDSON3/workspace/8-2-build-linux-amd64/jdk8u121/8372/hotspot/src/share/vm/prims/jvm.cpp, line 1390]
Event: 0.094 Thread 0x00007f325c009800 Exception <a 'java/security/PrivilegedActionException'> (0x00000000d6cbdfd0) thrown at [/HUDSON3/workspace/8-2-build-linux-amd64/jdk8u121/8372/hotspot/src/share/vm/prims/jvm.cpp, line 1390]
Event: 0.094 Thread 0x00007f325c009800 Exception <a 'java/security/PrivilegedActionException'> (0x00000000d6cbe1e0) thrown at [/HUDSON3/workspace/8-2-build-linux-amd64/jdk8u121/8372/hotspot/src/share/vm/prims/jvm.cpp, line 1390]
Event: 0.135 Thread 0x00007f325c009800 Exception <a 'java/lang/NoSuchFieldError': method resolution failed> (0x00000000d6d8eee0) thrown at [/HUDSON3/workspace/8-2-build-linux-amd64/jdk8u121/8372/hotspot/src/share/vm/prims/methodHandles.cpp, line 1146]
Event: 0.137 Thread 0x00007f325c009800 Exception <a 'java/lang/NoSuchFieldError': method resolution failed> (0x00000000d6d9c630) thrown at [/HUDSON3/workspace/8-2-build-linux-amd64/jdk8u121/8372/hotspot/src/share/vm/prims/methodHandles.cpp, line 1146]
Event: 0.156 Thread 0x00007f325c009800 Exception <a 'java/io/FileNotFoundException'> (0x00000000d6e1a270) thrown at [/HUDSON3/workspace/8-2-build-linux-amd64/jdk8u121/8372/hotspot/src/share/vm/prims/jni.cpp, line 709]
Event: 0.156 Thread 0x00007f325c009800 Exception <a 'java/io/FileNotFoundException'> (0x00000000d6e1acc0) thrown at [/HUDSON3/workspace/8-2-build-linux-amd64/jdk8u121/8372/hotspot/src/share/vm/prims/jni.cpp, line 709]
Event: 0.242 Thread 0x00007f325c009800 Exception <a 'java/lang/NoClassDefFoundError': org/lwjgl/opengles/GLContext> (0x00000000d6f8b9c0) thrown at [/HUDSON3/workspace/8-2-build-linux-amd64/jdk8u121/8372/hotspot/src/share/vm/classfile/systemDictionary.cpp, line 199]

Events (10 events):
Event: 0.747 loading class org/lwjgl/util/vector/ReadableVector
Event: 0.747 loading class org/lwjgl/util/vector/ReadableVector done
Event: 0.747 loading class org/lwjgl/util/vector/WritableVector3f
Event: 0.747 loading class org/lwjgl/util/vector/WritableVector3f done
Event: 0.747 loading class org/lwjgl/util/vector/WritableVector2f
Event: 0.747 loading class org/lwjgl/util/vector/WritableVector2f done
Event: 0.747 loading class org/lwjgl/util/vector/Vector
Event: 0.747 loading class org/lwjgl/util/vector/Vector done
Event: 0.754 loading class org/lwjgl/opengl/GL13
Event: 0.754 loading class org/lwjgl/opengl/GL13 done


Dynamic libraries:
00400000-00401000 r-xp 00000000 08:04 8918164                            /usr/lib/jvm/java-8-oracle/bin/java
00600000-00601000 rw-p 00000000 08:04 8918164                            /usr/lib/jvm/java-8-oracle/bin/java
01d3a000-01d5b000 rw-p 00000000 00:00 0                                  [heap]
412ed000-4138d000 rw-p 00000000 00:00 0 
41b28000-41b2a000 r-xs 00000000 08:04 15990969                           /tmp/.glf5rBYT (deleted)
84000000-89300000 rw-p 00000000 00:00 0 
89300000-d6b00000 ---p 00000000 00:00 0 
d6b00000-d9400000 rw-p 00000000 00:00 0 
d9400000-100000000 ---p 00000000 00:00 0 
100000000-100100000 rw-p 00000000 00:00 0 
100100000-140000000 ---p 00000000 00:00 0 
7f3200000000-7f3200021000 rw-p 00000000 00:00 0 
7f3200021000-7f3204000000 ---p 00000000 00:00 0 
7f3204905000-7f3204b05000 rw-s 10185e000 00:06 506                       /dev/nvidiactl
7f3204b05000-7f3204b85000 rw-s 179724000 00:06 506                       /dev/nvidiactl
7f3204b85000-7f3204c05000 rw-s 19e9e6000 00:06 506                       /dev/nvidiactl
7f3204c05000-7f3204c85000 rw-s 141062000 00:06 506                       /dev/nvidiactl
7f3204c85000-7f3204d85000 rw-s 179633000 00:06 506                       /dev/nvidiactl
7f3204d85000-7f3204da5000 rw-s e0300000 00:06 507                        /dev/nvidia0
7f3204da5000-7f3204de5000 rw-s 1462dc000 00:06 506                       /dev/nvidiactl
7f3204de5000-7f3204e05000 rw-s 107009000 00:06 506                       /dev/nvidiactl
7f3204e05000-7f3204f09000 rw-s 20b475000 00:06 506                       /dev/nvidiactl
7f3204f09000-7f32062a2000 r-xp 00000000 08:04 8657823                    /usr/lib/nvidia-367/libnvidia-glcore.so.367.57
7f32062a2000-7f32062c2000 rwxp 01399000 08:04 8657823                    /usr/lib/nvidia-367/libnvidia-glcore.so.367.57
7f32062c2000-7f3206663000 r-xp 013b9000 08:04 8657823                    /usr/lib/nvidia-367/libnvidia-glcore.so.367.57
7f3206663000-7f3206862000 ---p 0175a000 08:04 8657823                    /usr/lib/nvidia-367/libnvidia-glcore.so.367.57
7f3206862000-7f3206c2a000 rw-p 01759000 08:04 8657823                    /usr/lib/nvidia-367/libnvidia-glcore.so.367.57
7f3206c2a000-7f3206c42000 rw-p 00000000 00:00 0 
7f3206c42000-7f3206c45000 r-xp 00000000 08:04 8657831                    /usr/lib/nvidia-367/tls/libnvidia-tls.so.367.57
7f3206c45000-7f3206e45000 ---p 00003000 08:04 8657831                    /usr/lib/nvidia-367/tls/libnvidia-tls.so.367.57
7f3206e45000-7f3206e46000 rw-p 00003000 08:04 8657831                    /usr/lib/nvidia-367/tls/libnvidia-tls.so.367.57
7f3206e46000-7f3206f0e000 r-xp 00000000 08:04 8657808                    /usr/lib/nvidia-367/libGLX_nvidia.so.367.57
7f3206f0e000-7f3206f42000 rwxp 000c8000 08:04 8657808                    /usr/lib/nvidia-367/libGLX_nvidia.so.367.57
7f3206f42000-7f3206f55000 r-xp 000fc000 08:04 8657808                    /usr/lib/nvidia-367/libGLX_nvidia.so.367.57
7f3206f55000-7f3207155000 ---p 0010f000 08:04 8657808                    /usr/lib/nvidia-367/libGLX_nvidia.so.367.57
7f3207155000-7f320717d000 rw-p 0010f000 08:04 8657808                    /usr/lib/nvidia-367/libGLX_nvidia.so.367.57
7f320717d000-7f3207184000 rw-p 00000000 00:00 0 
7f3207187000-7f320719a000 rw-s 1ad01d000 00:06 506                       /dev/nvidiactl
7f320719a000-7f32071e8000 r-xp 00000000 08:04 8657809                    /usr/lib/nvidia-367/libGLdispatch.so.0
7f32071e8000-7f320721a000 r-xp 0004e000 08:04 8657809                    /usr/lib/nvidia-367/libGLdispatch.so.0
7f320721a000-7f3207254000 r-xp 00080000 08:04 8657809                    /usr/lib/nvidia-367/libGLdispatch.so.0
7f3207254000-7f3207454000 ---p 000ba000 08:04 8657809                    /usr/lib/nvidia-367/libGLdispatch.so.0
7f3207454000-7f3207463000 rw-p 000ba000 08:04 8657809                    /usr/lib/nvidia-367/libGLdispatch.so.0
7f3207463000-7f3207483000 rw-p 00000000 00:00 0 
7f3207483000-7f3207493000 r-xp 00000000 08:04 8657807                    /usr/lib/nvidia-367/libGLX.so.0
7f3207493000-7f3207693000 ---p 00010000 08:04 8657807                    /usr/lib/nvidia-367/libGLX.so.0
7f3207693000-7f3207694000 rw-p 00010000 08:04 8657807                    /usr/lib/nvidia-367/libGLX.so.0
7f3207694000-7f32076b4000 rw-p 00000000 00:00 0 
7f32076b4000-7f32076e5000 r-xp 00000000 08:04 8657800                    /usr/lib/nvidia-367/libGL.so.1.0.0
7f32076e5000-7f3207717000 r-xp 00031000 08:04 8657800                    /usr/lib/nvidia-367/libGL.so.1.0.0
7f3207717000-7f3207741000 r-xp 00063000 08:04 8657800                    /usr/lib/nvidia-367/libGL.so.1.0.0
7f3207741000-7f3207941000 ---p 0008d000 08:04 8657800                    /usr/lib/nvidia-367/libGL.so.1.0.0
7f3207941000-7f3207942000 rw-p 0008d000 08:04 8657800                    /usr/lib/nvidia-367/libGL.so.1.0.0
7f3207942000-7f3207943000 rw-p 00000000 00:00 0 
7f3207943000-7f3207946000 ---p 00000000 00:00 0 
7f3207946000-7f320797c000 rw-p 00000000 00:00 0 
7f320797c000-7f3207981000 r-xp 00000000 08:04 8655162                    /usr/lib/x86_64-linux-gnu/libXxf86vm.so.1.0.0
7f3207981000-7f3207b80000 ---p 00005000 08:04 8655162                    /usr/lib/x86_64-linux-gnu/libXxf86vm.so.1.0.0
7f3207b80000-7f3207b81000 r--p 00004000 08:04 8655162                    /usr/lib/x86_64-linux-gnu/libXxf86vm.so.1.0.0
7f3207b81000-7f3207b82000 rw-p 00005000 08:04 8655162                    /usr/lib/x86_64-linux-gnu/libXxf86vm.so.1.0.0
7f3207b82000-7f3207b8c000 r-xp 00000000 08:04 8655144                    /usr/lib/x86_64-linux-gnu/libXrandr.so.2.2.0
7f3207b8c000-7f3207d8b000 ---p 0000a000 08:04 8655144                    /usr/lib/x86_64-linux-gnu/libXrandr.so.2.2.0
7f3207d8b000-7f3207d8c000 r--p 00009000 08:04 8655144                    /usr/lib/x86_64-linux-gnu/libXrandr.so.2.2.0
7f3207d8c000-7f3207d8d000 rw-p 0000a000 08:04 8655144                    /usr/lib/x86_64-linux-gnu/libXrandr.so.2.2.0
7f3207d8d000-7f3207dfd000 r-xp 00000000 08:04 13901406                   /usr/lib/liblwjgl64.so
7f3207dfd000-7f3207ffd000 ---p 00070000 08:04 13901406                   /usr/lib/liblwjgl64.so
7f3207ffd000-7f3207fff000 r--p 00070000 08:04 13901406                   /usr/lib/liblwjgl64.so
7f3207fff000-7f3208000000 rw-p 00072000 08:04 13901406                   /usr/lib/liblwjgl64.so
7f3208000000-7f3208021000 rw-p 00000000 00:00 0 
7f3208021000-7f320c000000 ---p 00000000 00:00 0 
7f320c000000-7f320c021000 rw-p 00000000 00:00 0 
7f320c021000-7f3210000000 ---p 00000000 00:00 0 
7f3210000000-7f32101a2000 rw-p 00000000 00:00 0 
7f32101a2000-7f3214000000 ---p 00000000 00:00 0 
7f3214000000-7f3214021000 rw-p 00000000 00:00 0 
7f3214021000-7f3218000000 ---p 00000000 00:00 0 
7f3218000000-7f3218170000 rw-p 00000000 00:00 0 
7f3218170000-7f321c000000 ---p 00000000 00:00 0 
7f321c000000-7f321c021000 rw-p 00000000 00:00 0 
7f321c021000-7f3220000000 ---p 00000000 00:00 0 
7f3220000000-7f3220021000 rw-p 00000000 00:00 0 
7f3220021000-7f3224000000 ---p 00000000 00:00 0 
7f3224000000-7f3224187000 rw-p 00000000 00:00 0 
7f3224187000-7f3228000000 ---p 00000000 00:00 0 
7f3228000000-7f3228021000 rw-p 00000000 00:00 0 
7f3228021000-7f322c000000 ---p 00000000 00:00 0 
7f322c000000-7f322c021000 rw-p 00000000 00:00 0 
7f322c021000-7f3230000000 ---p 00000000 00:00 0 
7f3230000000-7f3230021000 rw-p 00000000 00:00 0 
7f3230021000-7f3234000000 ---p 00000000 00:00 0 
7f3234000000-7f3234021000 rw-p 00000000 00:00 0 
7f3234021000-7f3238000000 ---p 00000000 00:00 0 
7f3238000000-7f3238021000 rw-p 00000000 00:00 0 
7f3238021000-7f323c000000 ---p 00000000 00:00 0 
7f323c000000-7f323c021000 rw-p 00000000 00:00 0 
7f323c021000-7f3240000000 ---p 00000000 00:00 0 
7f3240000000-7f3240021000 rw-p 00000000 00:00 0 
7f3240021000-7f3244000000 ---p 00000000 00:00 0 
7f3244000000-7f3244010000 rw-s 00000000 08:04 13901394                   /home/maambmb/.glvndZbOOh2 (deleted)
7f3244010000-7f3244011000 r-xp 00000000 08:04 8918249                    /usr/lib/jvm/java-8-oracle/jre/lib/amd64/libjawt.so
7f3244011000-7f3244210000 ---p 00001000 08:04 8918249                    /usr/lib/jvm/java-8-oracle/jre/lib/amd64/libjawt.so
7f3244210000-7f3244211000 rw-p 00000000 08:04 8918249                    /usr/lib/jvm/java-8-oracle/jre/lib/amd64/libjawt.so
7f3244211000-7f3244214000 ---p 00000000 00:00 0 
7f3244214000-7f3244312000 rw-p 00000000 00:00 0 
7f3244312000-7f3244317000 r-xp 00000000 08:04 8655128                    /usr/lib/x86_64-linux-gnu/libXfixes.so.3.1.0
7f3244317000-7f3244516000 ---p 00005000 08:04 8655128                    /usr/lib/x86_64-linux-gnu/libXfixes.so.3.1.0
7f3244516000-7f3244517000 r--p 00004000 08:04 8655128                    /usr/lib/x86_64-linux-gnu/libXfixes.so.3.1.0
7f3244517000-7f3244518000 rw-p 00005000 08:04 8655128                    /usr/lib/x86_64-linux-gnu/libXfixes.so.3.1.0
7f3244518000-7f3244521000 r-xp 00000000 08:04 8655120                    /usr/lib/x86_64-linux-gnu/libXcursor.so.1.0.2
7f3244521000-7f3244720000 ---p 00009000 08:04 8655120                    /usr/lib/x86_64-linux-gnu/libXcursor.so.1.0.2
7f3244720000-7f3244721000 r--p 00008000 08:04 8655120                    /usr/lib/x86_64-linux-gnu/libXcursor.so.1.0.2
7f3244721000-7f3244722000 rw-p 00009000 08:04 8655120                    /usr/lib/x86_64-linux-gnu/libXcursor.so.1.0.2
7f3244722000-7f3244725000 ---p 00000000 00:00 0 
7f3244725000-7f3244823000 rw-p 00000000 00:00 0 
7f3244823000-7f3244839000 r-xp 00000000 08:04 11801004                   /lib/x86_64-linux-gnu/libgcc_s.so.1
7f3244839000-7f3244a38000 ---p 00016000 08:04 11801004                   /lib/x86_64-linux-gnu/libgcc_s.so.1
7f3244a38000-7f3244a39000 r--p 00015000 08:04 11801004                   /lib/x86_64-linux-gnu/libgcc_s.so.1
7f3244a39000-7f3244a3a000 rw-p 00016000 08:04 11801004                   /lib/x86_64-linux-gnu/libgcc_s.so.1
7f3244a3a000-7f3244a9f000 r-xp 00000000 08:04 8918222                    /usr/lib/jvm/java-8-oracle/jre/lib/amd64/libfontmanager.so
7f3244a9f000-7f3244c9e000 ---p 00065000 08:04 8918222                    /usr/lib/jvm/java-8-oracle/jre/lib/amd64/libfontmanager.so
7f3244c9e000-7f3244ca3000 rw-p 00064000 08:04 8918222                    /usr/lib/jvm/java-8-oracle/jre/lib/amd64/libfontmanager.so
7f3244ca3000-7f3244cb3000 rw-p 00000000 00:00 0 
7f3244cb3000-7f3244cb8000 r-xp 00000000 08:04 8655124                    /usr/lib/x86_64-linux-gnu/libXdmcp.so.6.0.0
7f3244cb8000-7f3244eb7000 ---p 00005000 08:04 8655124                    /usr/lib/x86_64-linux-gnu/libXdmcp.so.6.0.0
7f3244eb7000-7f3244eb8000 r--p 00004000 08:04 8655124                    /usr/lib/x86_64-linux-gnu/libXdmcp.so.6.0.0
7f3244eb8000-7f3244eb9000 rw-p 00005000 08:04 8655124                    /usr/lib/x86_64-linux-gnu/libXdmcp.so.6.0.0
7f3244eb9000-7f3244ebb000 r-xp 00000000 08:04 8655113                    /usr/lib/x86_64-linux-gnu/libXau.so.6.0.0
7f3244ebb000-7f32450bb000 ---p 00002000 08:04 8655113                    /usr/lib/x86_64-linux-gnu/libXau.so.6.0.0
7f32450bb000-7f32450bc000 r--p 00002000 08:04 8655113                    /usr/lib/x86_64-linux-gnu/libXau.so.6.0.0
7f32450bc000-7f32450bd000 rw-p 00003000 08:04 8655113                    /usr/lib/x86_64-linux-gnu/libXau.so.6.0.0
7f32450bd000-7f32450de000 r-xp 00000000 08:04 8656291                    /usr/lib/x86_64-linux-gnu/libxcb.so.1.1.0
7f32450de000-7f32452dd000 ---p 00021000 08:04 8656291                    /usr/lib/x86_64-linux-gnu/libxcb.so.1.1.0
7f32452dd000-7f32452de000 r--p 00020000 08:04 8656291                    /usr/lib/x86_64-linux-gnu/libxcb.so.1.1.0
7f32452de000-7f32452df000 rw-p 00021000 08:04 8656291                    /usr/lib/x86_64-linux-gnu/libxcb.so.1.1.0
7f32452df000-7f32452ee000 r-xp 00000000 08:04 8655134                    /usr/lib/x86_64-linux-gnu/libXi.so.6.1.0
7f32452ee000-7f32454ed000 ---p 0000f000 08:04 8655134                    /usr/lib/x86_64-linux-gnu/libXi.so.6.1.0
7f32454ed000-7f32454ee000 r--p 0000e000 08:04 8655134                    /usr/lib/x86_64-linux-gnu/libXi.so.6.1.0
7f32454ee000-7f32454ef000 rw-p 0000f000 08:04 8655134                    /usr/lib/x86_64-linux-gnu/libXi.so.6.1.0
7f32454ef000-7f32454f4000 r-xp 00000000 08:04 8655152                    /usr/lib/x86_64-linux-gnu/libXtst.so.6.1.0
7f32454f4000-7f32456f3000 ---p 00005000 08:04 8655152                    /usr/lib/x86_64-linux-gnu/libXtst.so.6.1.0
7f32456f3000-7f32456f4000 r--p 00004000 08:04 8655152                    /usr/lib/x86_64-linux-gnu/libXtst.so.6.1.0
7f32456f4000-7f32456f5000 rw-p 00005000 08:04 8655152                    /usr/lib/x86_64-linux-gnu/libXtst.so.6.1.0
7f32456f5000-7f32456fe000 r-xp 00000000 08:04 8655146                    /usr/lib/x86_64-linux-gnu/libXrender.so.1.3.0
7f32456fe000-7f32458fd000 ---p 00009000 08:04 8655146                    /usr/lib/x86_64-linux-gnu/libXrender.so.1.3.0
7f32458fd000-7f32458fe000 r--p 00008000 08:04 8655146                    /usr/lib/x86_64-linux-gnu/libXrender.so.1.3.0
7f32458fe000-7f32458ff000 rw-p 00009000 08:04 8655146                    /usr/lib/x86_64-linux-gnu/libXrender.so.1.3.0
7f32458ff000-7f3245a34000 r-xp 00000000 08:04 8655109                    /usr/lib/x86_64-linux-gnu/libX11.so.6.3.0
7f3245a34000-7f3245c33000 ---p 00135000 08:04 8655109                    /usr/lib/x86_64-linux-gnu/libX11.so.6.3.0
7f3245c33000-7f3245c34000 r--p 00134000 08:04 8655109                    /usr/lib/x86_64-linux-gnu/libX11.so.6.3.0
7f3245c34000-7f3245c38000 rw-p 00135000 08:04 8655109                    /usr/lib/x86_64-linux-gnu/libX11.so.6.3.0
7f3245c38000-7f3245c49000 r-xp 00000000 08:04 8655126                    /usr/lib/x86_64-linux-gnu/libXext.so.6.4.0
7f3245c49000-7f3245e48000 ---p 00011000 08:04 8655126                    /usr/lib/x86_64-linux-gnu/libXext.so.6.4.0
7f3245e48000-7f3245e49000 r--p 00010000 08:04 8655126                    /usr/lib/x86_64-linux-gnu/libXext.so.6.4.0
7f3245e49000-7f3245e4a000 rw-p 00011000 08:04 8655126                    /usr/lib/x86_64-linux-gnu/libXext.so.6.4.0
7f3245e4a000-7f3245e9e000 r-xp 00000000 08:04 8918230                    /usr/lib/jvm/java-8-oracle/jre/lib/amd64/libawt_xawt.so
7f3245e9e000-7f324609e000 ---p 00054000 08:04 8918230                    /usr/lib/jvm/java-8-oracle/jre/lib/amd64/libawt_xawt.so
7f324609e000-7f32460a2000 rw-p 00054000 08:04 8918230                    /usr/lib/jvm/java-8-oracle/jre/lib/amd64/libawt_xawt.so
7f32460a2000-7f32460a3000 rw-p 00000000 00:00 0 
7f32460a3000-7f3246145000 r-xp 00000000 08:04 8918257                    /usr/lib/jvm/java-8-oracle/jre/lib/amd64/libawt.so
7f3246145000-7f3246345000 ---p 000a2000 08:04 8918257                    /usr/lib/jvm/java-8-oracle/jre/lib/amd64/libawt.so
7f3246345000-7f3246351000 rw-p 000a2000 08:04 8918257                    /usr/lib/jvm/java-8-oracle/jre/lib/amd64/libawt.so
7f3246351000-7f3246375000 rw-p 00000000 00:00 0 
7f3246375000-7f3246376000 ---p 00000000 00:00 0 
7f3246376000-7f3246476000 rw-p 00000000 00:00 0 
7f3246476000-7f3246479000 ---p 00000000 00:00 0 
7f3246479000-7f3246577000 rw-p 00000000 00:00 0 
7f3246577000-7f324657a000 ---p 00000000 00:00 0 
7f324657a000-7f3246678000 rw-p 00000000 00:00 0 
7f3246678000-7f324667b000 ---p 00000000 00:00 0 
7f324667b000-7f3246779000 rw-p 00000000 00:00 0 
7f3246779000-7f324677c000 ---p 00000000 00:00 0 
7f324677c000-7f324687a000 rw-p 00000000 00:00 0 
7f324687a000-7f324687d000 ---p 00000000 00:00 0 
7f324687d000-7f324697b000 rw-p 00000000 00:00 0 
7f324697b000-7f3246c54000 r--p 00000000 08:04 8654986                    /usr/lib/locale/locale-archive
7f3246c54000-7f3246c57000 ---p 00000000 00:00 0 
7f3246c57000-7f3246d55000 rw-p 00000000 00:00 0 
7f3246d55000-7f3246d58000 ---p 00000000 00:00 0 
7f3246d58000-7f3246e56000 rw-p 00000000 00:00 0 
7f3246e56000-7f3246e57000 ---p 00000000 00:00 0 
7f3246e57000-7f3247f39000 rw-p 00000000 00:00 0 
7f3247f39000-7f3248112000 r--s 03d3e000 08:04 8918195                    /usr/lib/jvm/java-8-oracle/jre/lib/rt.jar
7f3248112000-7f3248908000 rw-p 00000000 00:00 0 
7f3248908000-7f3248988000 ---p 00000000 00:00 0 
7f3248988000-7f324cb68000 rw-p 00000000 00:00 0 
7f324cb68000-7f324cb69000 ---p 00000000 00:00 0 
7f324cb69000-7f324cc69000 rw-p 00000000 00:00 0 
7f324cc69000-7f324cc6a000 ---p 00000000 00:00 0 
7f324cc6a000-7f324cd94000 rw-p 00000000 00:00 0 
7f324cd94000-7f324d000000 ---p 00000000 00:00 0 
7f324d000000-7f324d270000 rwxp 00000000 00:00 0 
7f324d270000-7f325c000000 ---p 00000000 00:00 0 
7f325c000000-7f325c9d2000 rw-p 00000000 00:00 0 
7f325c9d2000-7f3260000000 ---p 00000000 00:00 0 
7f3260005000-7f3260007000 rw-s 00000000 08:04 15990969                   /tmp/.glf5rBYT (deleted)
7f3260007000-7f3260017000 r-xs 00000000 08:04 13901394                   /home/maambmb/.glvndZbOOh2 (deleted)
7f3260017000-7f3260018000 ---p 00000000 00:00 0 
7f3260018000-7f3260118000 rw-p 00000000 00:00 0 
7f3260118000-7f3260119000 ---p 00000000 00:00 0 
7f3260119000-7f3260243000 rw-p 00000000 00:00 0 
7f3260243000-7f32604ae000 ---p 00000000 00:00 0 
7f32604ae000-7f32604c3000 rw-p 00000000 00:00 0 
7f32604c3000-7f32605f9000 ---p 00000000 00:00 0 
7f32605f9000-7f3260604000 rw-p 00000000 00:00 0 
7f3260604000-7f32609ba000 ---p 00000000 00:00 0 
7f32609ba000-7f32609d4000 r-xp 00000000 08:04 8918226                    /usr/lib/jvm/java-8-oracle/jre/lib/amd64/libzip.so
7f32609d4000-7f3260bd4000 ---p 0001a000 08:04 8918226                    /usr/lib/jvm/java-8-oracle/jre/lib/amd64/libzip.so
7f3260bd4000-7f3260bd5000 rw-p 0001a000 08:04 8918226                    /usr/lib/jvm/java-8-oracle/jre/lib/amd64/libzip.so
7f3260bd5000-7f3260be0000 r-xp 00000000 08:04 11796525                   /lib/x86_64-linux-gnu/libnss_files-2.24.so
7f3260be0000-7f3260ddf000 ---p 0000b000 08:04 11796525                   /lib/x86_64-linux-gnu/libnss_files-2.24.so
7f3260ddf000-7f3260de0000 r--p 0000a000 08:04 11796525                   /lib/x86_64-linux-gnu/libnss_files-2.24.so
7f3260de0000-7f3260de1000 rw-p 0000b000 08:04 11796525                   /lib/x86_64-linux-gnu/libnss_files-2.24.so
7f3260de1000-7f3260de7000 rw-p 00000000 00:00 0 
7f3260de7000-7f3260df2000 r-xp 00000000 08:04 11796527                   /lib/x86_64-linux-gnu/libnss_nis-2.24.so
7f3260df2000-7f3260ff1000 ---p 0000b000 08:04 11796527                   /lib/x86_64-linux-gnu/libnss_nis-2.24.so
7f3260ff1000-7f3260ff2000 r--p 0000a000 08:04 11796527                   /lib/x86_64-linux-gnu/libnss_nis-2.24.so
7f3260ff2000-7f3260ff3000 rw-p 0000b000 08:04 11796527                   /lib/x86_64-linux-gnu/libnss_nis-2.24.so
7f3260ff3000-7f3261009000 r-xp 00000000 08:04 11796522                   /lib/x86_64-linux-gnu/libnsl-2.24.so
7f3261009000-7f3261208000 ---p 00016000 08:04 11796522                   /lib/x86_64-linux-gnu/libnsl-2.24.so
7f3261208000-7f3261209000 r--p 00015000 08:04 11796522                   /lib/x86_64-linux-gnu/libnsl-2.24.so
7f3261209000-7f326120a000 rw-p 00016000 08:04 11796522                   /lib/x86_64-linux-gnu/libnsl-2.24.so
7f326120a000-7f326120c000 rw-p 00000000 00:00 0 
7f326120c000-7f3261214000 r-xp 00000000 08:04 11796523                   /lib/x86_64-linux-gnu/libnss_compat-2.24.so
7f3261214000-7f3261413000 ---p 00008000 08:04 11796523                   /lib/x86_64-linux-gnu/libnss_compat-2.24.so
7f3261413000-7f3261414000 r--p 00007000 08:04 11796523                   /lib/x86_64-linux-gnu/libnss_compat-2.24.so
7f3261414000-7f3261415000 rw-p 00008000 08:04 11796523                   /lib/x86_64-linux-gnu/libnss_compat-2.24.so
7f3261415000-7f3261440000 r-xp 00000000 08:04 8918251                    /usr/lib/jvm/java-8-oracle/jre/lib/amd64/libjava.so
7f3261440000-7f326163f000 ---p 0002b000 08:04 8918251                    /usr/lib/jvm/java-8-oracle/jre/lib/amd64/libjava.so
7f326163f000-7f3261641000 rw-p 0002a000 08:04 8918251                    /usr/lib/jvm/java-8-oracle/jre/lib/amd64/libjava.so
7f3261641000-7f326164e000 r-xp 00000000 08:04 8918204                    /usr/lib/jvm/java-8-oracle/jre/lib/amd64/libverify.so
7f326164e000-7f326184d000 ---p 0000d000 08:04 8918204                    /usr/lib/jvm/java-8-oracle/jre/lib/amd64/libverify.so
7f326184d000-7f326184f000 rw-p 0000c000 08:04 8918204                    /usr/lib/jvm/java-8-oracle/jre/lib/amd64/libverify.so
7f326184f000-7f3261856000 r-xp 00000000 08:04 11801078                   /lib/x86_64-linux-gnu/librt-2.24.so
7f3261856000-7f3261a55000 ---p 00007000 08:04 11801078                   /lib/x86_64-linux-gnu/librt-2.24.so
7f3261a55000-7f3261a56000 r--p 00006000 08:04 11801078                   /lib/x86_64-linux-gnu/librt-2.24.so
7f3261a56000-7f3261a57000 rw-p 00007000 08:04 11801078                   /lib/x86_64-linux-gnu/librt-2.24.so
7f3261a57000-7f3261b5f000 r-xp 00000000 08:04 11796519                   /lib/x86_64-linux-gnu/libm-2.24.so
7f3261b5f000-7f3261d5e000 ---p 00108000 08:04 11796519                   /lib/x86_64-linux-gnu/libm-2.24.so
7f3261d5e000-7f3261d5f000 r--p 00107000 08:04 11796519                   /lib/x86_64-linux-gnu/libm-2.24.so
7f3261d5f000-7f3261d60000 rw-p 00108000 08:04 11796519                   /lib/x86_64-linux-gnu/libm-2.24.so
7f3261d60000-7f3262a2e000 r-xp 00000000 08:04 9050715                    /usr/lib/jvm/java-8-oracle/jre/lib/amd64/server/libjvm.so
7f3262a2e000-7f3262c2e000 ---p 00cce000 08:04 9050715                    /usr/lib/jvm/java-8-oracle/jre/lib/amd64/server/libjvm.so
7f3262c2e000-7f3262d07000 rw-p 00cce000 08:04 9050715                    /usr/lib/jvm/java-8-oracle/jre/lib/amd64/server/libjvm.so
7f3262d07000-7f3262d52000 rw-p 00000000 00:00 0 
7f3262d52000-7f3262f0f000 r-xp 00000000 08:04 11796515                   /lib/x86_64-linux-gnu/libc-2.24.so
7f3262f0f000-7f326310f000 ---p 001bd000 08:04 11796515                   /lib/x86_64-linux-gnu/libc-2.24.so
7f326310f000-7f3263113000 r--p 001bd000 08:04 11796515                   /lib/x86_64-linux-gnu/libc-2.24.so
7f3263113000-7f3263115000 rw-p 001c1000 08:04 11796515                   /lib/x86_64-linux-gnu/libc-2.24.so
7f3263115000-7f3263119000 rw-p 00000000 00:00 0 
7f3263119000-7f326311c000 r-xp 00000000 08:04 11796518                   /lib/x86_64-linux-gnu/libdl-2.24.so
7f326311c000-7f326331b000 ---p 00003000 08:04 11796518                   /lib/x86_64-linux-gnu/libdl-2.24.so
7f326331b000-7f326331c000 r--p 00002000 08:04 11796518                   /lib/x86_64-linux-gnu/libdl-2.24.so
7f326331c000-7f326331d000 rw-p 00003000 08:04 11796518                   /lib/x86_64-linux-gnu/libdl-2.24.so
7f326331d000-7f3263332000 r-xp 00000000 08:04 8660528                    /usr/lib/jvm/java-8-oracle/lib/amd64/jli/libjli.so
7f3263332000-7f3263532000 ---p 00015000 08:04 8660528                    /usr/lib/jvm/java-8-oracle/lib/amd64/jli/libjli.so
7f3263532000-7f3263533000 rw-p 00015000 08:04 8660528                    /usr/lib/jvm/java-8-oracle/lib/amd64/jli/libjli.so
7f3263533000-7f326354b000 r-xp 00000000 08:04 11796530                   /lib/x86_64-linux-gnu/libpthread-2.24.so
7f326354b000-7f326374b000 ---p 00018000 08:04 11796530                   /lib/x86_64-linux-gnu/libpthread-2.24.so
7f326374b000-7f326374c000 r--p 00018000 08:04 11796530                   /lib/x86_64-linux-gnu/libpthread-2.24.so
7f326374c000-7f326374d000 rw-p 00019000 08:04 11796530                   /lib/x86_64-linux-gnu/libpthread-2.24.so
7f326374d000-7f3263751000 rw-p 00000000 00:00 0 
7f3263751000-7f3263776000 r-xp 00000000 08:04 11796484                   /lib/x86_64-linux-gnu/ld-2.24.so
7f3263777000-7f3263778000 rw-s 1ad01c000 00:06 506                       /dev/nvidiactl
7f3263778000-7f326377c000 rw-s 12b000000 00:06 506                       /dev/nvidiactl
7f326377c000-7f326377d000 rw-s e7f6c000 00:06 507                        /dev/nvidia0
7f326377d000-7f326377e000 rw-s 104304000 00:06 506                       /dev/nvidiactl
7f326377e000-7f326377f000 rw-s f4060000 00:06 507                        /dev/nvidia0
7f326377f000-7f3263780000 r--p 00000000 08:04 9441535                    /usr/share/locale-langpack/en_GB/LC_MESSAGES/libc.mo
7f3263780000-7f326378e000 r--s 000f2000 08:04 14811681                   /opt/lwjgl/lwjgl.jar
7f326378e000-7f3263859000 rw-p 00000000 00:00 0 
7f3263859000-7f326385c000 ---p 00000000 00:00 0 
7f326385c000-7f326395c000 rw-p 00000000 00:00 0 
7f326395c000-7f326395f000 r--s 00017000 08:04 14811692                   /opt/lwjgl/slick-util.jar
7f326395f000-7f3263963000 r--s 00027000 08:04 14811694                   /opt/lwjgl/lwjgl_util.jar
7f3263963000-7f3263968000 r--s 002f9000 08:04 8918191                    /usr/lib/jvm/java-8-oracle/jre/lib/charsets.jar
7f3263968000-7f3263970000 rw-s 00000000 08:04 15990968                   /tmp/hsperfdata_maambmb/21646
7f3263970000-7f3263971000 rw-p 00000000 00:00 0 
7f3263971000-7f3263972000 r--p 00000000 00:00 0 
7f3263972000-7f3263975000 rw-p 00000000 00:00 0 
7f3263975000-7f3263976000 r--p 00024000 08:04 11796484                   /lib/x86_64-linux-gnu/ld-2.24.so
7f3263976000-7f3263977000 rw-p 00025000 08:04 11796484                   /lib/x86_64-linux-gnu/ld-2.24.so
7f3263977000-7f3263978000 rw-p 00000000 00:00 0 
7ffe00b71000-7ffe00b92000 rw-p 00000000 00:00 0                          [stack]
7ffe00bac000-7ffe00bae000 r--p 00000000 00:00 0                          [vvar]
7ffe00bae000-7ffe00bb0000 r-xp 00000000 00:00 0                          [vdso]
ffffffffff600000-ffffffffff601000 r-xp 00000000 00:00 0                  [vsyscall]

VM Arguments:
jvm_args: -Dfile.encoding=UTF-8 
java_command: game.Game
java_class_path (initial): /home/maambmb/Projects/Java/fi/bin:/opt/lwjgl/lwjgl.jar:/opt/lwjgl/lwjgl_util.jar:/opt/lwjgl/slick-util.jar
Launcher Type: SUN_STANDARD

Environment Variables:
JAVA_HOME=/usr/lib/jvm/java-8-oracle
PATH=/home/maambmb/bin:/home/maambmb/.local/bin:/usr/local/sbin:/usr/local/bin:/usr/sbin:/usr/bin:/sbin:/bin:/usr/games:/usr/local/games:/snap/bin:/usr/lib/jvm/java-8-oracle/bin:/usr/lib/jvm/java-8-oracle/db/bin:/usr/lib/jvm/java-8-oracle/jre/bin
SHELL=/bin/bash
DISPLAY=:0.0

Signal Handlers:
SIGSEGV: [libjvm.so+0xac78c0], sa_mask[0]=11111111011111111101111111111110, sa_flags=SA_RESTART|SA_SIGINFO
SIGBUS: [libjvm.so+0xac78c0], sa_mask[0]=11111111011111111101111111111110, sa_flags=SA_RESTART|SA_SIGINFO
SIGFPE: [libjvm.so+0x920ac0], sa_mask[0]=11111111011111111101111111111110, sa_flags=SA_RESTART|SA_SIGINFO
SIGPIPE: [libjvm.so+0x920ac0], sa_mask[0]=11111111011111111101111111111110, sa_flags=SA_RESTART|SA_SIGINFO
SIGXFSZ: [libjvm.so+0x920ac0], sa_mask[0]=11111111011111111101111111111110, sa_flags=SA_RESTART|SA_SIGINFO
SIGILL: [libjvm.so+0x920ac0], sa_mask[0]=11111111011111111101111111111110, sa_flags=SA_RESTART|SA_SIGINFO
SIGUSR1: SIG_DFL, sa_mask[0]=00000000000000000000000000000000, sa_flags=none
SIGUSR2: [libjvm.so+0x922300], sa_mask[0]=00100000000000000000000000000000, sa_flags=SA_RESTART|SA_SIGINFO
SIGHUP: [libjvm.so+0x923700], sa_mask[0]=11111111011111111101111111111110, sa_flags=SA_RESTART|SA_SIGINFO
SIGINT: [libjvm.so+0x923700], sa_mask[0]=11111111011111111101111111111110, sa_flags=SA_RESTART|SA_SIGINFO
SIGTERM: [libjvm.so+0x923700], sa_mask[0]=11111111011111111101111111111110, sa_flags=SA_RESTART|SA_SIGINFO
SIGQUIT: [libjvm.so+0x923700], sa_mask[0]=11111111011111111101111111111110, sa_flags=SA_RESTART|SA_SIGINFO


---------------  S Y S T E M  ---------------

OS:DISTRIB_ID=Ubuntu
DISTRIB_RELEASE=16.10
DISTRIB_CODENAME=yakkety
DISTRIB_DESCRIPTION="Ubuntu 16.10"

uname:Linux 4.8.0-37-generic #39-Ubuntu SMP Thu Jan 26 02:27:07 UTC 2017 x86_64
libc:glibc 2.24 NPTL 2.24 
rlimit: STACK 8192k, CORE 0k, NPROC 31518, NOFILE 65536, AS infinity
load average:2.20 1.83 1.65

/proc/meminfo:
MemTotal:        8118504 kB
MemFree:         2081716 kB
MemAvailable:    3544620 kB
Buffers:          110256 kB
Cached:          1965244 kB
SwapCached:            0 kB
Active:          4244840 kB
Inactive:        1425568 kB
Active(anon):    3605856 kB
Inactive(anon):   425900 kB
Active(file):     638984 kB
Inactive(file):   999668 kB
Unevictable:          32 kB
Mlocked:              32 kB
SwapTotal:       9764860 kB
SwapFree:        9764860 kB
Dirty:               732 kB
Writeback:             0 kB
AnonPages:       3368936 kB
Mapped:           903512 kB
Shmem:            436852 kB
Slab:             133564 kB
SReclaimable:      87276 kB
SUnreclaim:        46288 kB
KernelStack:       12832 kB
PageTables:        59624 kB
NFS_Unstable:          0 kB
Bounce:                0 kB
WritebackTmp:          0 kB
CommitLimit:    13824112 kB
Committed_AS:   10422200 kB
VmallocTotal:   34359738367 kB
VmallocUsed:           0 kB
VmallocChunk:          0 kB
HardwareCorrupted:     0 kB
AnonHugePages:    671744 kB
ShmemHugePages:        0 kB
ShmemPmdMapped:        0 kB
CmaTotal:              0 kB
CmaFree:               0 kB
HugePages_Total:       0
HugePages_Free:        0
HugePages_Rsvd:        0
HugePages_Surp:        0
Hugepagesize:       2048 kB
DirectMap4k:      375960 kB
DirectMap2M:     7956480 kB


CPU:total 4 (4 cores per cpu, 1 threads per core) family 6 model 58 stepping 9, cmov, cx8, fxsr, mmx, sse, sse2, sse3, ssse3, sse4.1, sse4.2, popcnt, avx, aes, clmul, erms, tsc, tscinvbit, tscinv

/proc/cpuinfo:
processor	: 0
vendor_id	: GenuineIntel
cpu family	: 6
model		: 58
model name	: Intel(R) Core(TM) i5-3570K CPU @ 3.40GHz
stepping	: 9
microcode	: 0x17
cpu MHz		: 3599.841
cache size	: 6144 KB
physical id	: 0
siblings	: 4
core id		: 0
cpu cores	: 4
apicid		: 0
initial apicid	: 0
fpu		: yes
fpu_exception	: yes
cpuid level	: 13
wp		: yes
flags		: fpu vme de pse tsc msr pae mce cx8 apic sep mtrr pge mca cmov pat pse36 clflush dts acpi mmx fxsr sse sse2 ss ht tm pbe syscall nx rdtscp lm constant_tsc arch_perfmon pebs bts rep_good nopl xtopology nonstop_tsc aperfmperf eagerfpu pni pclmulqdq dtes64 monitor ds_cpl vmx est tm2 ssse3 cx16 xtpr pdcm pcid sse4_1 sse4_2 popcnt tsc_deadline_timer aes xsave avx f16c rdrand lahf_lm epb tpr_shadow vnmi flexpriority ept vpid fsgsbase smep erms xsaveopt dtherm ida arat pln pts
bugs		:
bogomips	: 6820.04
clflush size	: 64
cache_alignment	: 64
address sizes	: 36 bits physical, 48 bits virtual
power management:

processor	: 1
vendor_id	: GenuineIntel
cpu family	: 6
model		: 58
model name	: Intel(R) Core(TM) i5-3570K CPU @ 3.40GHz
stepping	: 9
microcode	: 0x17
cpu MHz		: 3599.841
cache size	: 6144 KB
physical id	: 0
siblings	: 4
core id		: 1
cpu cores	: 4
apicid		: 2
initial apicid	: 2
fpu		: yes
fpu_exception	: yes
cpuid level	: 13
wp		: yes
flags		: fpu vme de pse tsc msr pae mce cx8 apic sep mtrr pge mca cmov pat pse36 clflush dts acpi mmx fxsr sse sse2 ss ht tm pbe syscall nx rdtscp lm constant_tsc arch_perfmon pebs bts rep_good nopl xtopology nonstop_tsc aperfmperf eagerfpu pni pclmulqdq dtes64 monitor ds_cpl vmx est tm2 ssse3 cx16 xtpr pdcm pcid sse4_1 sse4_2 popcnt tsc_deadline_timer aes xsave avx f16c rdrand lahf_lm epb tpr_shadow vnmi flexpriority ept vpid fsgsbase smep erms xsaveopt dtherm ida arat pln pts
bugs		:
bogomips	: 6820.04
clflush size	: 64
cache_alignment	: 64
address sizes	: 36 bits physical, 48 bits virtual
power management:

processor	: 2
vendor_id	: GenuineIntel
cpu family	: 6
model		: 58
model name	: Intel(R) Core(TM) i5-3570K CPU @ 3.40GHz
stepping	: 9
microcode	: 0x17
cpu MHz		: 3599.841
cache size	: 6144 KB
physical id	: 0
siblings	: 4
core id		: 2
cpu cores	: 4
apicid		: 4
initial apicid	: 4
fpu		: yes
fpu_exception	: yes
cpuid level	: 13
wp		: yes
flags		: fpu vme de pse tsc msr pae mce cx8 apic sep mtrr pge mca cmov pat pse36 clflush dts acpi mmx fxsr sse sse2 ss ht tm pbe syscall nx rdtscp lm constant_tsc arch_perfmon pebs bts rep_good nopl xtopology nonstop_tsc aperfmperf eagerfpu pni pclmulqdq dtes64 monitor ds_cpl vmx est tm2 ssse3 cx16 xtpr pdcm pcid sse4_1 sse4_2 popcnt tsc_deadline_timer aes xsave avx f16c rdrand lahf_lm epb tpr_shadow vnmi flexpriority ept vpid fsgsbase smep erms xsaveopt dtherm ida arat pln pts
bugs		:
bogomips	: 6820.04
clflush size	: 64
cache_alignment	: 64
address sizes	: 36 bits physical, 48 bits virtual
power management:

processor	: 3
vendor_id	: GenuineIntel
cpu family	: 6
model		: 58
model name	: Intel(R) Core(TM) i5-3570K CPU @ 3.40GHz
stepping	: 9
microcode	: 0x17
cpu MHz		: 3599.841
cache size	: 6144 KB
physical id	: 0
siblings	: 4
core id		: 3
cpu cores	: 4
apicid		: 6
initial apicid	: 6
fpu		: yes
fpu_exception	: yes
cpuid level	: 13
wp		: yes
flags		: fpu vme de pse tsc msr pae mce cx8 apic sep mtrr pge mca cmov pat pse36 clflush dts acpi mmx fxsr sse sse2 ss ht tm pbe syscall nx rdtscp lm constant_tsc arch_perfmon pebs bts rep_good nopl xtopology nonstop_tsc aperfmperf eagerfpu pni pclmulqdq dtes64 monitor ds_cpl vmx est tm2 ssse3 cx16 xtpr pdcm pcid sse4_1 sse4_2 popcnt tsc_deadline_timer aes xsave avx f16c rdrand lahf_lm epb tpr_shadow vnmi flexpriority ept vpid fsgsbase smep erms xsaveopt dtherm ida arat pln pts
bugs		:
bogomips	: 6820.04
clflush size	: 64
cache_alignment	: 64
address sizes	: 36 bits physical, 48 bits virtual
power management:



Memory: 4k page, physical 8118504k(2081716k free), swap 9764860k(9764860k free)

vm_info: Java HotSpot(TM) 64-Bit Server VM (25.121-b13) for linux-amd64 JRE (1.8.0_121-b13), built on Dec 12 2016 16:36:53 by "java_re" with gcc 4.3.0 20080428 (Red Hat 4.3.0-8)

time: Fri Feb  3 23:01:02 2017
elapsed time: 0 seconds (0d 0h 0m 0s)

